127.0.0.1 - - [26/Feb/2023:02:06:36 +0100] "GET / HTTP/1.1" 200 937
::1 - - [26/Feb/2023:02:06:36 +0100] "GET / HTTP/1.1" 200 937
127.0.0.1 - - [26/Feb/2023:02:10:15 +0100] "GET / HTTP/1.1" 200 937
127.0.0.1 - - [26/Feb/2023:02:13:01 +0100] "GET / HTTP/1.1" 200 4362
::1 - - [26/Feb/2023:02:15:34 +0100] "GET / HTTP/1.1" 200 4362
::1 - - [26/Feb/2023:02:15:34 +0100] "GET /theme/dist/css/bootstrap.min.css HTTP/1.1" 200 100470
::1 - - [26/Feb/2023:02:15:34 +0100] "GET /theme/css/offcanvas.css HTTP/1.1" 200 1203
::1 - - [26/Feb/2023:02:15:34 +0100] "GET /theme/dist/js/bootstrap.min.js HTTP/1.1" 200 29165
::1 - - [26/Feb/2023:02:15:34 +0100] "GET /theme/assets/js/jquery/1.11.0/jquery.min.js HTTP/1.1" 200 96381
::1 - - [26/Feb/2023:02:15:34 +0100] "GET /theme/assets/ico/favicon.ico HTTP/1.1" 200 5430
127.0.0.1 - - [26/Feb/2023:02:16:07 +0100] "GET / HTTP/1.1" 200 4362
::1 - - [26/Feb/2023:02:16:08 +0100] "GET / HTTP/1.1" 200 4362
127.0.0.1 - - [26/Feb/2023:02:22:27 +0100] "GET / HTTP/1.1" 200 4362
::1 - - [26/Feb/2023:02:22:27 +0100] "GET / HTTP/1.1" 200 4362
::1 - - [26/Feb/2023:02:22:33 +0100] "GET /testmysql.php HTTP/1.1" 500 2309
::1 - - [26/Feb/2023:02:22:41 +0100] "GET /info.php HTTP/1.1" 200 3543
::1 - - [26/Feb/2023:02:22:41 +0100] "GET /index.php?img=pngPlugin HTTP/1.1" 200 4362
::1 - - [26/Feb/2023:02:22:41 +0100] "GET /index.php?img=pngWrench HTTP/1.1" 200 4362
::1 - - [26/Feb/2023:02:22:41 +0100] "GET /index.php?img=pngFolder HTTP/1.1" 200 4362
::1 - - [26/Feb/2023:02:22:43 +0100] "GET /index.php HTTP/1.1" 200 4362
127.0.0.1 - - [26/Feb/2023:02:25:40 +0100] "GET / HTTP/1.1" 200 4362
::1 - - [26/Feb/2023:02:25:40 +0100] "GET / HTTP/1.1" 200 4362
::1 - - [26/Feb/2023:02:25:42 +0100] "GET /testmysql.php HTTP/1.1" 500 2309
::1 - - [26/Feb/2023:02:26:09 +0100] "GET /phpmyadmin/ HTTP/1.1" 200 1060
127.0.0.1 - - [26/Feb/2023:02:28:48 +0100] "GET / HTTP/1.1" 200 4362
::1 - - [26/Feb/2023:02:28:48 +0100] "GET / HTTP/1.1" 200 4362
::1 - - [26/Feb/2023:02:28:52 +0100] "GET /testmysql.php HTTP/1.1" 200 2407
::1 - - [26/Feb/2023:02:29:04 +0100] "GET /info.php?phpinfo=1 HTTP/1.1" 200 3715
::1 - - [26/Feb/2023:02:29:04 +0100] "GET /pinfo.php HTTP/1.1" 200 102210
::1 - - [26/Feb/2023:02:29:08 +0100] "GET /info.php?phpinfo=1 HTTP/1.1" 200 3715
::1 - - [26/Feb/2023:02:29:09 +0100] "GET /pinfo.php HTTP/1.1" 200 102206
::1 - - [26/Feb/2023:02:29:21 +0100] "GET /phpmyadmin/ HTTP/1.1" 200 1912
::1 - - [26/Feb/2023:02:29:26 +0100] "GET /phpmyadmin/phpmyadmin.css.php?nocache=4325680091ltr HTTP/1.1" 200 21380
::1 - - [26/Feb/2023:02:29:26 +0100] "GET /phpmyadmin/js/whitelist.php?lang=en&db=&token=e4470ed9a6d044f86f971d94a4c18b76 HTTP/1.1" 200 498
::1 - - [26/Feb/2023:02:29:26 +0100] "GET /phpmyadmin/js/messages.php?lang=en&db=&token=e4470ed9a6d044f86f971d94a4c18b76 HTTP/1.1" 200 7394
::1 - - [26/Feb/2023:02:29:26 +0100] "GET /phpmyadmin/js/get_scripts.js.php?scripts%5B%5D=jquery/jquery-1.11.1.min.js&scripts%5B%5D=sprintf.js&scripts%5B%5D=ajax.js&scripts%5B%5D=keyhandler.js&scripts%5B%5D=jquery/jquery-ui-1.11.2.min.js&scripts%5B%5D=jquery/jquery.cookie.js&scripts%5B%5D=jquery/jquery.mousewheel.js&scripts%5B%5D=jquery/jquery.event.drag-2.2.js&scripts%5B%5D=jquery/jquery-ui-timepicker-addon.js&scripts%5B%5D=jquery/jquery.ba-hashchange-1.3.js&scripts%5B%5D=jquery/jquery.debounce-1.0.5.js&scripts%5B%5D=menu-resizer.js&scripts%5B%5D=cross_framing_protection.js&scripts%5B%5D=rte.js&scripts%5B%5D=tracekit/tracekit.js&scripts%5B%5D=error_report.js&scripts%5B%5D=doclinks.js&scripts%5B%5D=functions.js&scripts%5B%5D=navigation.js&scripts%5B%5D=indexes.js&scripts%5B%5D=common.js&scripts%5B%5D=codemirror/lib/codemirror.js&scripts%5B%5D=codemirror/mode/sql/sql.js&scripts%5B%5D=codemirror/addon/runmode/runmode.js&scripts%5B%5D=codemirror/addon/hint/show-hint.js&scripts%5B%5D=codemirror/addon/hint/sql-hint.js&scripts%5B%5D=console.js HTTP/1.1" 200 331819
::1 - - [26/Feb/2023:02:29:26 +0100] "GET /phpmyadmin/js/get_image.js.php?theme=pmahomme HTTP/1.1" 200 1812
127.0.0.1 - - [26/Feb/2023:02:55:27 +0100] "GET / HTTP/1.1" 200 4362
::1 - - [26/Feb/2023:02:55:27 +0100] "GET / HTTP/1.1" 200 4362
::1 - - [26/Feb/2023:02:55:32 +0100] "GET /testmysql.php HTTP/1.1" 200 2394
127.0.0.1 - - [26/Feb/2023:03:02:27 +0100] "GET / HTTP/1.1" 200 4362
::1 - - [26/Feb/2023:03:02:27 +0100] "GET / HTTP/1.1" 200 4362
127.0.0.1 - - [26/Feb/2023:03:04:25 +0100] "GET / HTTP/1.1" 200 4362
::1 - - [26/Feb/2023:03:04:26 +0100] "GET / HTTP/1.1" 200 4362
::1 - - [26/Feb/2023:03:04:29 +0100] "GET /testmysql.php HTTP/1.1" 200 2404
::1 - - [26/Feb/2023:03:05:21 +0100] "GET / HTTP/1.1" 200 4362
::1 - - [26/Feb/2023:03:05:30 +0100] "GET /phpmyadmin/ HTTP/1.1" 200 1925
::1 - - [26/Feb/2023:03:05:31 +0100] "GET /phpmyadmin/themes/pmahomme/jquery/jquery-ui-1.11.2.css HTTP/1.1" 200 35212
::1 - - [26/Feb/2023:03:05:31 +0100] "GET /phpmyadmin/phpmyadmin.css.php?nocache=4325680091ltr HTTP/1.1" 200 21380
::1 - - [26/Feb/2023:03:05:31 +0100] "GET /phpmyadmin/js/whitelist.php?lang=en&db=&collation_connection=utf8_unicode_ci&token=33d5485c14fa0fa3719000ea30cb646d HTTP/1.1" 200 498
::1 - - [26/Feb/2023:03:05:31 +0100] "GET /phpmyadmin/js/get_scripts.js.php?scripts%5B%5D=jquery/jquery-1.11.1.min.js&scripts%5B%5D=sprintf.js&scripts%5B%5D=ajax.js&scripts%5B%5D=keyhandler.js&scripts%5B%5D=jquery/jquery-ui-1.11.2.min.js&scripts%5B%5D=jquery/jquery.cookie.js&scripts%5B%5D=jquery/jquery.mousewheel.js&scripts%5B%5D=jquery/jquery.event.drag-2.2.js&scripts%5B%5D=jquery/jquery-ui-timepicker-addon.js&scripts%5B%5D=jquery/jquery.ba-hashchange-1.3.js&scripts%5B%5D=jquery/jquery.debounce-1.0.5.js&scripts%5B%5D=menu-resizer.js&scripts%5B%5D=cross_framing_protection.js&scripts%5B%5D=rte.js&scripts%5B%5D=tracekit/tracekit.js&scripts%5B%5D=error_report.js&scripts%5B%5D=doclinks.js&scripts%5B%5D=functions.js&scripts%5B%5D=navigation.js&scripts%5B%5D=indexes.js&scripts%5B%5D=common.js&scripts%5B%5D=codemirror/lib/codemirror.js&scripts%5B%5D=codemirror/mode/sql/sql.js&scripts%5B%5D=codemirror/addon/runmode/runmode.js&scripts%5B%5D=codemirror/addon/hint/show-hint.js&scripts%5B%5D=codemirror/addon/hint/sql-hint.js&scripts%5B%5D=console.js HTTP/1.1" 200 331819
::1 - - [26/Feb/2023:03:05:31 +0100] "GET /phpmyadmin/js/get_image.js.php?theme=pmahomme HTTP/1.1" 200 1812
::1 - - [26/Feb/2023:03:05:31 +0100] "GET /phpmyadmin/js/messages.php?lang=en&db=&collation_connection=utf8_unicode_ci&token=33d5485c14fa0fa3719000ea30cb646d HTTP/1.1" 200 7394
::1 - - [26/Feb/2023:03:05:31 +0100] "GET /phpmyadmin/themes/dot.gif HTTP/1.1" 200 43
::1 - - [26/Feb/2023:03:05:31 +0100] "GET /phpmyadmin/themes/pmahomme/img/sprites.png HTTP/1.1" 200 45779
::1 - - [26/Feb/2023:03:05:31 +0100] "GET /phpmyadmin/favicon.ico HTTP/1.1" 200 18902
::1 - - [26/Feb/2023:03:11:39 +0100] "GET /phpmyadmin/ HTTP/1.1" 200 1907
::1 - - [26/Feb/2023:03:11:39 +0100] "GET /phpmyadmin/phpmyadmin.css.php?nocache=4550455953ltr HTTP/1.1" 200 21380
::1 - - [26/Feb/2023:03:11:39 +0100] "GET /phpmyadmin/js/whitelist.php?lang=en&db=&token=33d5485c14fa0fa3719000ea30cb646d HTTP/1.1" 200 498
::1 - - [26/Feb/2023:03:11:39 +0100] "GET /phpmyadmin/js/messages.php?lang=en&db=&token=33d5485c14fa0fa3719000ea30cb646d HTTP/1.1" 200 7394
::1 - - [26/Feb/2023:03:13:48 +0100] "GET /phpmyadmin/ HTTP/1.1" 200 9232
::1 - - [26/Feb/2023:03:13:49 +0100] "GET /phpmyadmin/phpmyadmin.css.php?nocache=6227833711ltr HTTP/1.1" 200 21380
::1 - - [26/Feb/2023:03:13:49 +0100] "GET /phpmyadmin/themes/pmahomme/img/logo_left.png HTTP/1.1" 200 2327
::1 - - [26/Feb/2023:03:13:49 +0100] "GET /phpmyadmin/themes/pmahomme/img/ajax_clock_small.gif HTTP/1.1" 200 1810
::1 - - [26/Feb/2023:03:13:49 +0100] "GET /phpmyadmin/themes/pmahomme/img/s_collapseall.png HTTP/1.1" 200 170
::1 - - [26/Feb/2023:03:13:49 +0100] "GET /phpmyadmin/js/get_scripts.js.php?scripts%5B%5D=jquery/jquery-1.11.1.min.js&scripts%5B%5D=sprintf.js&scripts%5B%5D=ajax.js&scripts%5B%5D=keyhandler.js&scripts%5B%5D=jquery/jquery-ui-1.11.2.min.js&scripts%5B%5D=jquery/jquery.cookie.js&scripts%5B%5D=jquery/jquery.mousewheel.js&scripts%5B%5D=jquery/jquery.event.drag-2.2.js&scripts%5B%5D=jquery/jquery-ui-timepicker-addon.js&scripts%5B%5D=jquery/jquery.ba-hashchange-1.3.js&scripts%5B%5D=jquery/jquery.debounce-1.0.5.js&scripts%5B%5D=menu-resizer.js&scripts%5B%5D=cross_framing_protection.js&scripts%5B%5D=rte.js&scripts%5B%5D=tracekit/tracekit.js&scripts%5B%5D=error_report.js&scripts%5B%5D=doclinks.js&scripts%5B%5D=functions.js&scripts%5B%5D=navigation.js&scripts%5B%5D=indexes.js&scripts%5B%5D=common.js&scripts%5B%5D=codemirror/lib/codemirror.js&scripts%5B%5D=codemirror/mode/sql/sql.js&scripts%5B%5D=codemirror/addon/runmode/runmode.js&scripts%5B%5D=codemirror/addon/hint/show-hint.js&scripts%5B%5D=codemirror/addon/hint/sql-hint.js&scripts%5B%5D=console.js&scripts%5B%5D=config.js HTTP/1.1" 200 337465
::1 - - [26/Feb/2023:03:13:50 +0100] "GET /phpmyadmin/themes/pmahomme/img/left_nav_bg.png HTTP/1.1" 200 297
::1 - - [26/Feb/2023:03:13:50 +0100] "POST /phpmyadmin/db_structure.php?ajax_request=1&favorite_table=1&sync_favorite_tables=1&token=33d5485c14fa0fa3719000ea30cb646d HTTP/1.1" 200 1420
::1 - - [26/Feb/2023:03:13:50 +0100] "GET /phpmyadmin/version_check.php?&_nocache=1677377630324560013 HTTP/1.1" 200 2
::1 - - [26/Feb/2023:03:13:54 +0100] "GET /phpmyadmin/server_privileges.php?db=&token=33d5485c14fa0fa3719000ea30cb646d&viewing_mode=server&ajax_request=true&ajax_page_request=true&menuHashes=eb45b1a8&_nocache=167737763449783483 HTTP/1.1" 200 2912
::1 - - [26/Feb/2023:03:13:54 +0100] "GET /phpmyadmin/themes/pmahomme/img/arrow_ltr.png HTTP/1.1" 200 139
::1 - - [26/Feb/2023:03:13:54 +0100] "GET /phpmyadmin/js/get_scripts.js.php?scripts%5B%5D=server_privileges.js&call_done=1 HTTP/1.1" 200 3875
::1 - - [26/Feb/2023:03:14:19 +0100] "GET /phpmyadmin/themes/pmahomme/jquery/images/ui-bg_flat_75_ffffff_40x100.png HTTP/1.1" 200 247
::1 - - [26/Feb/2023:03:14:19 +0100] "GET /phpmyadmin/themes/pmahomme/jquery/images/ui-bg_highlight-soft_75_cccccc_1x100.png HTTP/1.1" 200 319
::1 - - [26/Feb/2023:03:14:19 +0100] "GET /phpmyadmin/themes/pmahomme/jquery/images/ui-bg_glass_75_e6e6e6_1x400.png HTTP/1.1" 200 301
::1 - - [26/Feb/2023:03:14:19 +0100] "GET /phpmyadmin/themes/pmahomme/jquery/images/ui-bg_flat_0_aaaaaa_40x100.png HTTP/1.1" 200 251
::1 - - [26/Feb/2023:03:14:19 +0100] "GET /phpmyadmin/themes/pmahomme/jquery/images/ui-bg_glass_75_dadada_1x400.png HTTP/1.1" 200 301
::1 - - [26/Feb/2023:03:14:19 +0100] "GET /phpmyadmin/themes/pmahomme/jquery/images/ui-icons_888888_256x240.png HTTP/1.1" 200 7092
::1 - - [26/Feb/2023:03:14:19 +0100] "GET /phpmyadmin/themes/pmahomme/jquery/images/ui-icons_222222_256x240.png HTTP/1.1" 200 7006
::1 - - [26/Feb/2023:03:14:21 +0100] "GET /phpmyadmin/themes/pmahomme/jquery/images/ui-bg_glass_65_ffffff_1x400.png HTTP/1.1" 200 246
::1 - - [26/Feb/2023:03:14:24 +0100] "POST /phpmyadmin/server_privileges.php HTTP/1.1" 200 1734
::1 - - [26/Feb/2023:03:15:23 +0100] "GET /phpmyadmin/server_databases.php?db=&token=33d5485c14fa0fa3719000ea30cb646d&ajax_request=true&ajax_page_request=true&menuHashes=eb45b1a8-78eea899&_nocache=167737772341683186 HTTP/1.1" 200 6080
::1 - - [26/Feb/2023:03:15:23 +0100] "GET /phpmyadmin/js/get_scripts.js.php?scripts%5B%5D=server_databases.js&call_done=1 HTTP/1.1" 200 1680
::1 - - [26/Feb/2023:03:15:28 +0100] "GET /phpmyadmin/server_privileges.php?db=&token=33d5485c14fa0fa3719000ea30cb646d&viewing_mode=server&ajax_request=true&ajax_page_request=true&menuHashes=eb45b1a8-78eea899-2e94788d&_nocache=1677377728363766365 HTTP/1.1" 200 2418
::1 - - [26/Feb/2023:03:15:47 +0100] "POST /phpmyadmin/server_privileges.php HTTP/1.1" 200 1733
::1 - - [26/Feb/2023:03:17:40 +0100] "GET /phpmyadmin/ HTTP/1.1" 200 9201
::1 - - [26/Feb/2023:03:17:40 +0100] "GET /phpmyadmin/server_privileges.php?db=&table=&server=1&target=&viewing_mode=server&token=33d5485c14fa0fa3719000ea30cb646d HTTP/1.1" 200 5607
::1 - - [26/Feb/2023:03:17:40 +0100] "GET /phpmyadmin/error_report.php?ajax_request=true&server=&token=&get_settings=true&exception_type=js&_nocache=167737786073110771 HTTP/1.1" 200 143
::1 - - [26/Feb/2023:03:17:40 +0100] "GET /phpmyadmin/js/get_scripts.js.php?scripts%5B%5D=jquery/jquery-1.11.1.min.js&scripts%5B%5D=sprintf.js&scripts%5B%5D=ajax.js&scripts%5B%5D=keyhandler.js&scripts%5B%5D=jquery/jquery-ui-1.11.2.min.js&scripts%5B%5D=jquery/jquery.cookie.js&scripts%5B%5D=jquery/jquery.mousewheel.js&scripts%5B%5D=jquery/jquery.event.drag-2.2.js&scripts%5B%5D=jquery/jquery-ui-timepicker-addon.js&scripts%5B%5D=jquery/jquery.ba-hashchange-1.3.js&scripts%5B%5D=jquery/jquery.debounce-1.0.5.js&scripts%5B%5D=menu-resizer.js&scripts%5B%5D=cross_framing_protection.js&scripts%5B%5D=rte.js&scripts%5B%5D=tracekit/tracekit.js&scripts%5B%5D=error_report.js&scripts%5B%5D=doclinks.js&scripts%5B%5D=functions.js&scripts%5B%5D=navigation.js&scripts%5B%5D=indexes.js&scripts%5B%5D=common.js&scripts%5B%5D=server_privileges.js&scripts%5B%5D=codemirror/lib/codemirror.js&scripts%5B%5D=codemirror/mode/sql/sql.js&scripts%5B%5D=codemirror/addon/runmode/runmode.js&scripts%5B%5D=codemirror/addon/hint/show-hint.js&scripts%5B%5D=codemirror/addon/hint/sql-hint.js&scripts%5B%5D=console.js&scripts%5B%5D=config.js HTTP/1.1" 200 340692
::1 - - [26/Feb/2023:03:17:41 +0100] "POST /phpmyadmin/navigation.php?ajax_request=1&token=33d5485c14fa0fa3719000ea30cb646d HTTP/1.1" 200 1980
::1 - - [26/Feb/2023:03:17:44 +0100] "GET /testmysql.php HTTP/1.1" 200 2363
::1 - - [26/Feb/2023:03:17:51 +0100] "GET /phpmyadmin/server_databases.php?db=&token=33d5485c14fa0fa3719000ea30cb646d&ajax_request=true&ajax_page_request=true&menuHashes=78eea899&_nocache=1677377871120363071 HTTP/1.1" 200 6080
::1 - - [26/Feb/2023:03:17:54 +0100] "POST /phpmyadmin/db_create.php HTTP/1.1" 200 1923
::1 - - [26/Feb/2023:03:17:55 +0100] "POST /phpmyadmin/navigation.php?ajax_request=1&token=33d5485c14fa0fa3719000ea30cb646d HTTP/1.1" 200 2010
::1 - - [26/Feb/2023:03:17:55 +0100] "GET /phpmyadmin/db_structure.php?db=test&token=33d5485c14fa0fa3719000ea30cb646d&db=test&ajax_request=true&ajax_page_request=true&menuHashes=78eea899-2e94788d&_nocache=167737787500333688 HTTP/1.1" 200 1692
::1 - - [26/Feb/2023:03:17:55 +0100] "GET /phpmyadmin/js/get_scripts.js.php?scripts%5B%5D=db_structure.js&scripts%5B%5D=tbl_change.js&call_done=1 HTTP/1.1" 200 10796
::1 - - [26/Feb/2023:03:17:55 +0100] "GET /phpmyadmin/navigation.php?ajax_request=1&token=33d5485c14fa0fa3719000ea30cb646d&aPath=cm9vdA%3D%3D.dGVzdA%3D%3D&vPath=cm9vdA%3D%3D.dGVzdA%3D%3D&pos=0&pos2_name=&pos2_value=&searchClause=&searchClause2=&_nocache=1677377875263829507 HTTP/1.1" 200 1360
::1 - - [26/Feb/2023:03:17:57 +0100] "GET /testmysql.php HTTP/1.1" 200 3913
::1 - - [26/Feb/2023:03:18:10 +0100] "GET /?ajax_request=true&ajax_page_request=true&menuHashes=78eea899-2e94788d-0c5e135e&_nocache=167737789070536401 HTTP/1.1" 200 4362
::1 - - [26/Feb/2023:03:18:19 +0100] "GET /phpmyadmin/server_privileges.php?db=&table=&server=1&target=&viewing_mode=server&token=33d5485c14fa0fa3719000ea30cb646d HTTP/1.1" 200 5642
::1 - - [26/Feb/2023:03:18:19 +0100] "GET /phpmyadmin/phpmyadmin.css.php?nocache=6227833971ltr HTTP/1.1" 200 21380
::1 - - [26/Feb/2023:03:18:19 +0100] "GET /phpmyadmin/db_structure.php?db=test&table=&server=1&target=&token=33d5485c14fa0fa3719000ea30cb646d HTTP/1.1" 200 4508
::1 - - [26/Feb/2023:03:18:19 +0100] "GET /phpmyadmin/error_report.php?ajax_request=true&server=&token=&get_settings=true&exception_type=js&_nocache=1677377899576683022 HTTP/1.1" 200 143
::1 - - [26/Feb/2023:03:18:19 +0100] "GET /phpmyadmin/js/whitelist.php?lang=en&db=test&token=33d5485c14fa0fa3719000ea30cb646d HTTP/1.1" 200 498
::1 - - [26/Feb/2023:03:18:19 +0100] "GET /phpmyadmin/js/messages.php?lang=en&db=test&token=33d5485c14fa0fa3719000ea30cb646d HTTP/1.1" 200 7394
::1 - - [26/Feb/2023:03:18:19 +0100] "GET /phpmyadmin/js/get_scripts.js.php?scripts%5B%5D=jquery/jquery-1.11.1.min.js&scripts%5B%5D=sprintf.js&scripts%5B%5D=ajax.js&scripts%5B%5D=keyhandler.js&scripts%5B%5D=jquery/jquery-ui-1.11.2.min.js&scripts%5B%5D=jquery/jquery.cookie.js&scripts%5B%5D=jquery/jquery.mousewheel.js&scripts%5B%5D=jquery/jquery.event.drag-2.2.js&scripts%5B%5D=jquery/jquery-ui-timepicker-addon.js&scripts%5B%5D=jquery/jquery.ba-hashchange-1.3.js&scripts%5B%5D=jquery/jquery.debounce-1.0.5.js&scripts%5B%5D=menu-resizer.js&scripts%5B%5D=cross_framing_protection.js&scripts%5B%5D=rte.js&scripts%5B%5D=tracekit/tracekit.js&scripts%5B%5D=error_report.js&scripts%5B%5D=doclinks.js&scripts%5B%5D=functions.js&scripts%5B%5D=navigation.js&scripts%5B%5D=indexes.js&scripts%5B%5D=common.js&scripts%5B%5D=db_structure.js&scripts%5B%5D=tbl_change.js&scripts%5B%5D=codemirror/lib/codemirror.js&scripts%5B%5D=codemirror/mode/sql/sql.js&scripts%5B%5D=codemirror/addon/runmode/runmode.js&scripts%5B%5D=codemirror/addon/hint/show-hint.js&scripts%5B%5D=codemirror/addon/hint/sql-hint.js&scripts%5B%5D=console.js&scripts%5B%5D=config.js HTTP/1.1" 200 347481
::1 - - [26/Feb/2023:03:18:20 +0100] "POST /phpmyadmin/navigation.php?ajax_request=1&token=33d5485c14fa0fa3719000ea30cb646d HTTP/1.1" 200 2025
::1 - - [26/Feb/2023:03:18:27 +0100] "GET /phpminiadmin/ HTTP/1.1" 200 5223
::1 - - [26/Feb/2023:03:18:28 +0100] "GET /favicon.ico HTTP/1.1" 200 5430
::1 - - [26/Feb/2023:03:18:34 +0100] "GET /info.php HTTP/1.1" 200 3782
::1 - - [26/Feb/2023:03:18:34 +0100] "GET /index.php?img=pngPlugin HTTP/1.1" 200 4362
::1 - - [26/Feb/2023:03:18:35 +0100] "GET /index.php?img=pngWrench HTTP/1.1" 200 4362
::1 - - [26/Feb/2023:03:18:35 +0100] "GET /index.php?img=pngFolder HTTP/1.1" 200 4362
::1 - - [26/Feb/2023:03:18:41 +0100] "GET /info.php?phpinfo=1 HTTP/1.1" 200 3715
::1 - - [26/Feb/2023:03:18:41 +0100] "GET /pinfo.php HTTP/1.1" 200 103528
127.0.0.1 - - [26/Feb/2023:03:22:01 +0100] "GET / HTTP/1.1" 200 4362
::1 - - [26/Feb/2023:03:22:01 +0100] "GET / HTTP/1.1" 200 4362
127.0.0.1 - - [26/Feb/2023:03:26:02 +0100] "GET / HTTP/1.1" 200 4362
::1 - - [26/Feb/2023:03:26:02 +0100] "GET / HTTP/1.1" 200 4362
127.0.0.1 - - [26/Feb/2023:12:53:19 +0100] "GET / HTTP/1.1" 200 4362
::1 - - [26/Feb/2023:12:53:19 +0100] "GET / HTTP/1.1" 200 4362
127.0.0.1 - - [26/Feb/2023:12:58:04 +0100] "GET / HTTP/1.1" 200 4362
::1 - - [26/Feb/2023:12:58:04 +0100] "GET / HTTP/1.1" 200 4362
::1 - - [26/Feb/2023:12:58:12 +0100] "GET /testmysql.php HTTP/1.1" 200 3913
127.0.0.1 - - [26/Feb/2023:12:59:26 +0100] "GET / HTTP/1.1" 200 4362
::1 - - [26/Feb/2023:12:59:26 +0100] "GET / HTTP/1.1" 200 4362
127.0.0.1 - - [26/Feb/2023:13:16:51 +0100] "GET / HTTP/1.1" 200 4362
::1 - - [26/Feb/2023:13:16:51 +0100] "GET / HTTP/1.1" 200 4362
127.0.0.1 - - [26/Feb/2023:13:18:36 +0100] "GET / HTTP/1.1" 200 4362
::1 - - [26/Feb/2023:13:18:36 +0100] "GET / HTTP/1.1" 200 4362
127.0.0.1 - - [26/Feb/2023:13:21:07 +0100] "GET / HTTP/1.1" 200 4362
::1 - - [26/Feb/2023:13:21:07 +0100] "GET / HTTP/1.1" 200 4362
127.0.0.1 - - [26/Feb/2023:13:21:44 +0100] "GET / HTTP/1.1" 200 4362
::1 - - [26/Feb/2023:13:21:44 +0100] "GET / HTTP/1.1" 200 4362
127.0.0.1 - - [26/Feb/2023:13:36:17 +0100] "GET / HTTP/1.1" 200 4362
::1 - - [26/Feb/2023:13:36:17 +0100] "GET / HTTP/1.1" 200 4362
::1 - - [26/Feb/2023:13:36:34 +0100] "GET /testmysql.php HTTP/1.1" 200 3913
::1 - - [26/Feb/2023:13:36:37 +0100] "GET /variables.php HTTP/1.1" 200 5863
::1 - - [26/Feb/2023:13:36:57 +0100] "GET / HTTP/1.1" 200 4362
127.0.0.1 - - [26/Feb/2023:13:40:41 +0100] "GET / HTTP/1.1" 200 4362
::1 - - [26/Feb/2023:13:40:41 +0100] "GET / HTTP/1.1" 200 4362
::1 - - [26/Feb/2023:13:40:44 +0100] "GET /testmysql.php HTTP/1.1" 200 3913
127.0.0.1 - - [26/Feb/2023:13:41:42 +0100] "GET / HTTP/1.1" 200 4362
::1 - - [26/Feb/2023:13:41:42 +0100] "GET / HTTP/1.1" 200 4362
::1 - - [26/Feb/2023:13:41:44 +0100] "GET /testmysql.php HTTP/1.1" 200 3913
127.0.0.1 - - [26/Feb/2023:13:43:42 +0100] "GET / HTTP/1.1" 200 4362
::1 - - [26/Feb/2023:13:43:43 +0100] "GET / HTTP/1.1" 200 4362
::1 - - [26/Feb/2023:13:43:44 +0100] "GET /testmysql.php HTTP/1.1" 200 3913
127.0.0.1 - - [26/Feb/2023:13:45:15 +0100] "GET / HTTP/1.1" 200 4362
::1 - - [26/Feb/2023:13:45:15 +0100] "GET / HTTP/1.1" 200 4362
::1 - - [26/Feb/2023:13:45:17 +0100] "GET /testmysql.php HTTP/1.1" 200 3913
127.0.0.1 - - [26/Feb/2023:13:48:05 +0100] "GET / HTTP/1.1" 200 4362
::1 - - [26/Feb/2023:13:48:05 +0100] "GET / HTTP/1.1" 200 4362
::1 - - [26/Feb/2023:13:48:07 +0100] "GET /testmysql.php HTTP/1.1" 200 3913
127.0.0.1 - - [26/Feb/2023:13:49:42 +0100] "GET / HTTP/1.1" 200 4362
::1 - - [26/Feb/2023:13:49:42 +0100] "GET / HTTP/1.1" 200 4362
::1 - - [26/Feb/2023:13:49:44 +0100] "GET /testmysql.php HTTP/1.1" 200 3913
::1 - - [26/Feb/2023:13:49:49 +0100] "GET /phpmyadmin/ HTTP/1.1" 200 9431
::1 - - [26/Feb/2023:13:49:49 +0100] "GET /phpmyadmin/phpmyadmin.css.php?nocache=6709661074ltr HTTP/1.1" 200 21380
::1 - - [26/Feb/2023:13:49:49 +0100] "GET /phpmyadmin/js/whitelist.php?lang=en&db=&token=d304777f9d7503945b95d8eab17ded89 HTTP/1.1" 200 498
::1 - - [26/Feb/2023:13:49:49 +0100] "GET /phpmyadmin/js/get_scripts.js.php?scripts%5B%5D=jquery/jquery-1.11.1.min.js&scripts%5B%5D=sprintf.js&scripts%5B%5D=ajax.js&scripts%5B%5D=keyhandler.js&scripts%5B%5D=jquery/jquery-ui-1.11.2.min.js&scripts%5B%5D=jquery/jquery.cookie.js&scripts%5B%5D=jquery/jquery.mousewheel.js&scripts%5B%5D=jquery/jquery.event.drag-2.2.js&scripts%5B%5D=jquery/jquery-ui-timepicker-addon.js&scripts%5B%5D=jquery/jquery.ba-hashchange-1.3.js&scripts%5B%5D=jquery/jquery.debounce-1.0.5.js&scripts%5B%5D=menu-resizer.js&scripts%5B%5D=cross_framing_protection.js&scripts%5B%5D=rte.js&scripts%5B%5D=tracekit/tracekit.js&scripts%5B%5D=error_report.js&scripts%5B%5D=doclinks.js&scripts%5B%5D=functions.js&scripts%5B%5D=navigation.js&scripts%5B%5D=indexes.js&scripts%5B%5D=common.js&scripts%5B%5D=codemirror/lib/codemirror.js&scripts%5B%5D=codemirror/mode/sql/sql.js&scripts%5B%5D=codemirror/addon/runmode/runmode.js&scripts%5B%5D=codemirror/addon/hint/show-hint.js&scripts%5B%5D=codemirror/addon/hint/sql-hint.js&scripts%5B%5D=console.js&scripts%5B%5D=config.js HTTP/1.1" 200 337465
::1 - - [26/Feb/2023:13:49:49 +0100] "GET /phpmyadmin/js/get_image.js.php?theme=pmahomme HTTP/1.1" 200 1812
::1 - - [26/Feb/2023:13:49:49 +0100] "GET /phpmyadmin/js/messages.php?lang=en&db=&token=d304777f9d7503945b95d8eab17ded89 HTTP/1.1" 200 7394
::1 - - [26/Feb/2023:13:49:51 +0100] "GET /phpmyadmin/version_check.php?&_nocache=1677415791118319127 HTTP/1.1" 200 2
::1 - - [26/Feb/2023:13:49:51 +0100] "POST /phpmyadmin/db_structure.php?ajax_request=1&favorite_table=1&sync_favorite_tables=1&token=d304777f9d7503945b95d8eab17ded89 HTTP/1.1" 200 1422
127.0.0.1 - - [26/Feb/2023:14:01:02 +0100] "GET / HTTP/1.1" 200 4362
::1 - - [26/Feb/2023:14:01:03 +0100] "GET / HTTP/1.1" 200 4362
::1 - - [26/Feb/2023:14:35:49 +0100] "GET / HTTP/1.1" 200 4362
::1 - - [26/Feb/2023:14:39:27 +0100] "GET / HTTP/1.1" 302 -
::1 - - [26/Feb/2023:14:39:27 +0100] "GET /wp-admin/setup-config.php HTTP/1.1" 200 13062
::1 - - [26/Feb/2023:14:39:29 +0100] "GET /wp-includes/css/dashicons.min.css?ver=6.1.1 HTTP/1.1" 200 59016
::1 - - [26/Feb/2023:14:39:29 +0100] "GET /wp-includes/js/jquery/jquery-migrate.min.js?ver=3.3.2 HTTP/1.1" 200 11224
::1 - - [26/Feb/2023:14:39:29 +0100] "GET /wp-admin/js/language-chooser.min.js?ver=6.1.1 HTTP/1.1" 200 423
::1 - - [26/Feb/2023:14:39:29 +0100] "GET /wp-admin/css/forms.min.css?ver=6.1.1 HTTP/1.1" 200 26233
::1 - - [26/Feb/2023:14:39:29 +0100] "GET /wp-admin/css/l10n.min.css?ver=6.1.1 HTTP/1.1" 200 2477
::1 - - [26/Feb/2023:14:39:29 +0100] "GET /wp-includes/css/buttons.min.css?ver=6.1.1 HTTP/1.1" 200 5854
::1 - - [26/Feb/2023:14:39:29 +0100] "GET /wp-admin/css/install.min.css?ver=6.1.1 HTTP/1.1" 200 4954
::1 - - [26/Feb/2023:14:39:29 +0100] "GET /wp-includes/js/jquery/jquery.min.js?ver=3.6.1 HTTP/1.1" 200 89684
::1 - - [26/Feb/2023:14:39:30 +0100] "GET /wp-admin/images/wordpress-logo.svg?ver=20131107 HTTP/1.1" 200 1521
::1 - - [26/Feb/2023:14:39:30 +0100] "GET /wp-admin/images/spinner.gif HTTP/1.1" 200 3656
::1 - - [26/Feb/2023:14:39:37 +0100] "POST /wp-admin/setup-config.php?step=0 HTTP/1.1" 200 2662
::1 - - [26/Feb/2023:14:39:39 +0100] "GET /wp-admin/setup-config.php?step=1 HTTP/1.1" 200 3355
::1 - - [26/Feb/2023:14:40:07 +0100] "POST /wp-admin/setup-config.php?step=2 HTTP/1.1" 500 3429
::1 - - [26/Feb/2023:14:40:28 +0100] "POST /wp-admin/setup-config.php?step=2 HTTP/1.1" 500 3434
::1 - - [26/Feb/2023:14:40:36 +0100] "POST /wp-admin/setup-config.php?step=2 HTTP/1.1" 500 3425
127.0.0.1 - - [26/Feb/2023:14:41:42 +0100] "GET / HTTP/1.1" 302 -
127.0.0.1 - - [26/Feb/2023:14:41:42 +0100] "GET /wp-admin/setup-config.php HTTP/1.1" 200 13062
::1 - - [26/Feb/2023:14:41:46 +0100] "GET / HTTP/1.1" 302 -
::1 - - [26/Feb/2023:14:41:46 +0100] "GET /wp-admin/setup-config.php HTTP/1.1" 200 13062
::1 - - [26/Feb/2023:14:41:49 +0100] "GET /wp-includes/css/dashicons.min.css?ver=6.1.1 HTTP/1.1" 200 59016
::1 - - [26/Feb/2023:14:41:49 +0100] "GET /wp-includes/css/buttons.min.css?ver=6.1.1 HTTP/1.1" 200 5854
::1 - - [26/Feb/2023:14:41:49 +0100] "GET /wp-admin/css/forms.min.css?ver=6.1.1 HTTP/1.1" 200 26233
::1 - - [26/Feb/2023:14:41:49 +0100] "GET /wp-includes/js/jquery/jquery-migrate.min.js?ver=3.3.2 HTTP/1.1" 200 11224
::1 - - [26/Feb/2023:14:41:49 +0100] "GET /wp-admin/css/l10n.min.css?ver=6.1.1 HTTP/1.1" 200 2477
::1 - - [26/Feb/2023:14:41:49 +0100] "GET /wp-admin/css/install.min.css?ver=6.1.1 HTTP/1.1" 200 4954
::1 - - [26/Feb/2023:14:41:49 +0100] "GET /wp-includes/js/jquery/jquery.min.js?ver=3.6.1 HTTP/1.1" 200 89684
::1 - - [26/Feb/2023:14:41:49 +0100] "GET /wp-admin/js/language-chooser.min.js?ver=6.1.1 HTTP/1.1" 200 423
::1 - - [26/Feb/2023:14:41:52 +0100] "GET /wp-admin/images/wordpress-logo.svg?ver=20131107 HTTP/1.1" 200 1521
::1 - - [26/Feb/2023:14:41:52 +0100] "GET /wp-admin/images/spinner.gif HTTP/1.1" 200 3656
::1 - - [26/Feb/2023:14:42:32 +0100] "POST /wp-admin/setup-config.php?step=2 HTTP/1.1" 200 1802
::1 - - [26/Feb/2023:14:42:36 +0100] "GET /wp-admin/install.php?language=en_US HTTP/1.1" 200 6987
::1 - - [26/Feb/2023:14:42:38 +0100] "GET /wp-includes/js/zxcvbn-async.min.js?ver=1.0 HTTP/1.1" 200 351
::1 - - [26/Feb/2023:14:42:38 +0100] "GET /wp-admin/js/password-strength-meter.min.js?ver=6.1.1 HTTP/1.1" 200 1123
::1 - - [26/Feb/2023:14:42:38 +0100] "GET /wp-includes/js/dist/hooks.min.js?ver=4169d3cf8e8d95a3d6d5 HTTP/1.1" 200 4910
::1 - - [26/Feb/2023:14:42:38 +0100] "GET /wp-includes/js/dist/i18n.min.js?ver=9e794f35a71bb98672ae HTTP/1.1" 200 10230
::1 - - [26/Feb/2023:14:42:38 +0100] "GET /wp-includes/js/underscore.min.js?ver=1.13.4 HTTP/1.1" 200 18833
::1 - - [26/Feb/2023:14:42:38 +0100] "GET /wp-includes/js/wp-util.min.js?ver=6.1.1 HTTP/1.1" 200 1426
::1 - - [26/Feb/2023:14:42:38 +0100] "GET /wp-admin/js/user-profile.min.js?ver=6.1.1 HTTP/1.1" 200 6187
::1 - - [26/Feb/2023:14:42:38 +0100] "GET /wp-includes/js/dist/vendor/regenerator-runtime.min.js?ver=0.13.9 HTTP/1.1" 200 6475
::1 - - [26/Feb/2023:14:42:38 +0100] "GET /wp-includes/js/dist/vendor/wp-polyfill.min.js?ver=3.15.0 HTTP/1.1" 200 17823
::1 - - [26/Feb/2023:14:42:38 +0100] "GET /wp-includes/js/zxcvbn.min.js HTTP/1.1" 200 822237
::1 - - [26/Feb/2023:14:43:19 +0100] "GET /2023/02/26/hello-world/ HTTP/1.1" 200 63644
::1 - - [26/Feb/2023:14:43:22 +0100] "\x16\x03\x01\x02" 400 226
::1 - - [26/Feb/2023:14:43:22 +0100] "\x16\x03\x01\x02" 400 226
::1 - - [26/Feb/2023:14:43:09 +0100] "POST /wp-admin/install.php?step=2 HTTP/1.1" 200 4064
::1 - - [26/Feb/2023:14:43:21 +0100] "POST /wp-cron.php?doing_wp_cron=1677419001.1629819869995117187500 HTTP/1.1" 200 -
::1 - - [26/Feb/2023:14:43:29 +0100] "GET /wp-login.php HTTP/1.1" 200 5017
::1 - - [26/Feb/2023:14:43:29 +0100] "GET /wp-admin/css/login.min.css?ver=6.1.1 HTTP/1.1" 200 6315
::1 - - [26/Feb/2023:14:43:39 +0100] "POST /wp-login.php HTTP/1.1" 302 -
::1 - - [26/Feb/2023:14:43:44 +0100] "GET /wp-includes/js/thickbox/thickbox.css?ver=6.1.1 HTTP/1.1" 200 2659
::1 - - [26/Feb/2023:14:43:44 +0100] "GET /wp-admin/load-styles.php?c=0&dir=ltr&load%5Bchunk_0%5D=dashicons,admin-bar,site-health,common,forms,admin-menu,dashboard,list-tables,edit,revisions,media,themes,about,nav-menus,wp-poi&load%5Bchunk_1%5D=nter,widgets,site-icon,l10n,buttons,wp-auth-check&ver=6.1.1 HTTP/1.1" 200 394281
::1 - - [26/Feb/2023:14:43:44 +0100] "GET /wp-admin/load-scripts.php?c=0&load%5Bchunk_0%5D=jquery-core,jquery-migrate,utils&ver=6.1.1 HTTP/1.1" 200 102775
::1 - - [26/Feb/2023:14:43:40 +0100] "GET /wp-admin/ HTTP/1.1" 200 71805
::1 - - [26/Feb/2023:14:43:45 +0100] "GET /wp-includes/css/editor.min.css?ver=6.1.1 HTTP/1.1" 200 26975
::1 - - [26/Feb/2023:14:43:45 +0100] "GET /wp-includes/js/wp-emoji-release.min.js?ver=6.1.1 HTTP/1.1" 200 18617
::1 - - [26/Feb/2023:14:43:45 +0100] "GET /wp-includes/js/admin-bar.min.js?ver=6.1.1 HTTP/1.1" 200 3537
::1 - - [26/Feb/2023:14:43:45 +0100] "GET /wp-includes/js/clipboard.min.js?ver=2.0.11 HTTP/1.1" 200 9009
::1 - - [26/Feb/2023:14:43:46 +0100] "GET /wp-includes/js/api-request.min.js?ver=6.1.1 HTTP/1.1" 200 1023
::1 - - [26/Feb/2023:14:43:45 +0100] "GET /wp-admin/js/common.min.js?ver=6.1.1 HTTP/1.1" 200 20150
::1 - - [26/Feb/2023:14:43:45 +0100] "GET /wp-includes/js/hoverintent-js.min.js?ver=2.2.1 HTTP/1.1" 200 1718
::1 - - [26/Feb/2023:14:43:46 +0100] "GET /wp-includes/js/wp-ajax-response.min.js?ver=6.1.1 HTTP/1.1" 200 2440
::1 - - [26/Feb/2023:14:43:46 +0100] "GET /wp-admin/js/site-health.min.js?ver=6.1.1 HTTP/1.1" 200 6239
::1 - - [26/Feb/2023:14:43:46 +0100] "GET /wp-includes/js/wp-lists.min.js?ver=6.1.1 HTTP/1.1" 200 7522
::1 - - [26/Feb/2023:14:43:46 +0100] "GET /wp-includes/js/jquery/jquery.color.min.js?ver=2.2.0 HTTP/1.1" 200 7047
::1 - - [26/Feb/2023:14:43:46 +0100] "GET /wp-includes/js/quicktags.min.js?ver=6.1.1 HTTP/1.1" 200 11132
::1 - - [26/Feb/2023:14:43:46 +0100] "GET /wp-includes/js/jquery/jquery.query.js?ver=2.2.3 HTTP/1.1" 200 3694
::1 - - [26/Feb/2023:14:43:46 +0100] "GET /wp-admin/js/edit-comments.min.js?ver=6.1.1 HTTP/1.1" 200 15349
::1 - - [26/Feb/2023:14:43:46 +0100] "GET /wp-includes/js/jquery/ui/core.min.js?ver=1.13.2 HTTP/1.1" 200 21440
::1 - - [26/Feb/2023:14:43:46 +0100] "GET /wp-includes/js/dist/a11y.min.js?ver=ecce20f002eda4c19664 HTTP/1.1" 200 2508
::1 - - [26/Feb/2023:14:43:46 +0100] "GET /wp-includes/js/jquery/ui/mouse.min.js?ver=1.13.2 HTTP/1.1" 200 3402
::1 - - [26/Feb/2023:14:43:45 +0100] "GET /wp-admin/load-scripts.php?c=0&load%5Bchunk_0%5D=hoverIntent,regenerator-runtime,wp-polyfill,wp-hooks&ver=6.1.1 HTTP/1.1" 200 30711
::1 - - [26/Feb/2023:14:43:46 +0100] "GET /wp-includes/js/dist/url.min.js?ver=bb0ef862199bcae73aa7 HTTP/1.1" 200 9147
::1 - - [26/Feb/2023:14:43:45 +0100] "GET /wp-includes/js/dist/dom-ready.min.js?ver=392bdd43726760d1f3ca HTTP/1.1" 200 498
::1 - - [26/Feb/2023:14:43:46 +0100] "GET /wp-admin/js/postbox.min.js?ver=6.1.1 HTTP/1.1" 200 6705
::1 - - [26/Feb/2023:14:43:46 +0100] "GET /wp-admin/js/dashboard.min.js?ver=6.1.1 HTTP/1.1" 200 8797
::1 - - [26/Feb/2023:14:43:46 +0100] "GET /wp-includes/js/dist/vendor/moment.min.js?ver=2.29.4 HTTP/1.1" 200 57929
::1 - - [26/Feb/2023:14:43:46 +0100] "GET /wp-includes/js/dist/deprecated.min.js?ver=6c963cb9494ba26b77eb HTTP/1.1" 200 812
::1 - - [26/Feb/2023:14:43:46 +0100] "GET /wp-includes/js/jquery/ui/sortable.min.js?ver=1.13.2 HTTP/1.1" 200 25455
::1 - - [26/Feb/2023:14:43:46 +0100] "GET /wp-includes/js/dist/date.min.js?ver=ce7daf24092d87ff18be HTTP/1.1" 200 847374
::1 - - [26/Feb/2023:14:43:46 +0100] "GET /wp-admin/js/plugin-install.min.js?ver=6.1.1 HTTP/1.1" 200 2403
::1 - - [26/Feb/2023:14:43:46 +0100] "GET /wp-includes/js/thickbox/thickbox.js?ver=3.1-20121105 HTTP/1.1" 200 13242
::1 - - [26/Feb/2023:14:43:46 +0100] "GET /wp-admin/js/updates.min.js?ver=6.1.1 HTTP/1.1" 200 41339
::1 - - [26/Feb/2023:14:43:46 +0100] "GET /wp-admin/js/media-upload.min.js?ver=6.1.1 HTTP/1.1" 200 1152
::1 - - [26/Feb/2023:14:43:46 +0100] "GET /wp-admin/js/svg-painter.js?ver=6.1.1 HTTP/1.1" 200 5522
::1 - - [26/Feb/2023:14:43:46 +0100] "GET /wp-includes/js/wp-sanitize.min.js?ver=6.1.1 HTTP/1.1" 200 458
::1 - - [26/Feb/2023:14:43:46 +0100] "GET /wp-includes/js/shortcode.min.js?ver=6.1.1 HTTP/1.1" 200 2643
::1 - - [26/Feb/2023:14:43:46 +0100] "GET /wp-includes/js/wp-auth-check.min.js?ver=6.1.1 HTTP/1.1" 200 1658
::1 - - [26/Feb/2023:14:43:46 +0100] "GET /wp-includes/js/wplink.min.js?ver=6.1.1 HTTP/1.1" 200 11254
::1 - - [26/Feb/2023:14:43:46 +0100] "GET /wp-includes/js/heartbeat.min.js?ver=6.1.1 HTTP/1.1" 200 5932
::1 - - [26/Feb/2023:14:43:46 +0100] "GET /wp-includes/js/jquery/ui/menu.min.js?ver=1.13.2 HTTP/1.1" 200 10114
::1 - - [26/Feb/2023:14:43:46 +0100] "GET /wp-includes/js/jquery/ui/autocomplete.min.js?ver=1.13.2 HTTP/1.1" 200 8466
::1 - - [26/Feb/2023:14:43:46 +0100] "GET /wp-includes/js/thickbox/loadingAnimation.gif HTTP/1.1" 200 15238
::1 - - [26/Feb/2023:14:43:46 +0100] "GET /wp-admin/admin-ajax.php?action=wp-compression-test&test=1&_ajax_nonce=ac2ae8e2aa&1677419026761 HTTP/1.1" 200 1114
::1 - - [26/Feb/2023:14:43:47 +0100] "POST /wp-cron.php?doing_wp_cron=1677419027.4948470592498779296875 HTTP/1.1" 200 -
::1 - - [26/Feb/2023:14:43:46 +0100] "POST /wp-admin/admin-ajax.php HTTP/1.1" 200 92
::1 - - [26/Feb/2023:14:43:47 +0100] "GET /wp-admin/admin-ajax.php?action=wp-compression-test&test=2&_ajax_nonce=ac2ae8e2aa&1677419027944 HTTP/1.1" 200 572
::1 - - [26/Feb/2023:14:44:01 +0100] "GET /wp-admin/setup-config.php HTTP/1.1" 409 2761
::1 - - [26/Feb/2023:14:44:02 +0100] "GET /wp-admin/admin-ajax.php?action=wp-compression-test&test=yes&_ajax_nonce=ac2ae8e2aa&1677419042537 HTTP/1.1" 200 1
127.0.0.1 - - [26/Feb/2023:14:44:25 +0100] "GET / HTTP/1.1" 200 51895
::1 - - [26/Feb/2023:14:44:32 +0100] "GET / HTTP/1.1" 200 51895
::1 - - [26/Feb/2023:14:44:33 +0100] "GET /wp-includes/blocks/navigation/style.min.css?ver=6.1.1 HTTP/1.1" 200 15342
::1 - - [26/Feb/2023:14:44:33 +0100] "GET /wp-includes/blocks/navigation/view.min.js?ver=c24330f635f5cb9d5e0e HTTP/1.1" 200 1144
::1 - - [26/Feb/2023:14:44:33 +0100] "GET /wp-includes/blocks/navigation/view-modal.min.js?ver=45f05135277abf0b0408 HTTP/1.1" 200 7779
::1 - - [26/Feb/2023:14:44:34 +0100] "GET /wp-includes/js/wp-emoji-release.min.js?ver=6.1.1 HTTP/1.1" 200 18617
::1 - - [26/Feb/2023:14:44:46 +0100] "POST /wp-admin/admin-ajax.php HTTP/1.1" 200 47
::1 - - [26/Feb/2023:14:44:47 +0100] "POST /wp-cron.php?doing_wp_cron=1677419087.2816228866577148437500 HTTP/1.1" 200 -
::1 - - [26/Feb/2023:14:44:56 +0100] "GET / HTTP/1.1" 200 57855
::1 - - [26/Feb/2023:14:44:57 +0100] "GET /wp-includes/blocks/navigation/style.min.css?ver=6.1.1 HTTP/1.1" 200 15342
::1 - - [26/Feb/2023:14:44:57 +0100] "GET /wp-includes/css/admin-bar.min.css?ver=6.1.1 HTTP/1.1" 200 20300
::1 - - [26/Feb/2023:14:44:58 +0100] "GET /wp-includes/blocks/navigation/view.min.js?ver=c24330f635f5cb9d5e0e HTTP/1.1" 200 1144
::1 - - [26/Feb/2023:14:44:58 +0100] "GET /wp-includes/blocks/navigation/view-modal.min.js?ver=45f05135277abf0b0408 HTTP/1.1" 200 7779
::1 - - [26/Feb/2023:14:45:05 +0100] "POST /wp-admin/admin-ajax.php HTTP/1.1" 200 1
::1 - - [26/Feb/2023:14:45:23 +0100] "GET /wp-admin/edit.php?post_type=page HTTP/1.1" 200 47665
::1 - - [26/Feb/2023:14:45:25 +0100] "GET /wp-admin/load-scripts.php?c=1&load%5Bchunk_0%5D=jquery-core,jquery-migrate,utils&ver=6.1.1 HTTP/1.1" 200 102775
::1 - - [26/Feb/2023:14:45:25 +0100] "GET /wp-admin/load-scripts.php?c=1&load%5Bchunk_0%5D=hoverIntent,regenerator-runtime,wp-polyfill,wp-hooks&ver=6.1.1 HTTP/1.1" 200 30711
::1 - - [26/Feb/2023:14:45:25 +0100] "GET /wp-admin/js/inline-edit-post.min.js?ver=6.1.1 HTTP/1.1" 200 8139
::1 - - [26/Feb/2023:14:45:25 +0100] "GET /wp-admin/js/tags-suggest.min.js?ver=6.1.1 HTTP/1.1" 200 2245
::1 - - [26/Feb/2023:14:45:25 +0100] "GET /wp-admin/load-styles.php?c=1&dir=ltr&load%5Bchunk_0%5D=dashicons,admin-bar,common,forms,admin-menu,dashboard,list-tables,edit,revisions,media,themes,about,nav-menus,wp-pointer,widgets&load%5Bchunk_1%5D=,site-icon,l10n,buttons,wp-auth-check&ver=6.1.1 HTTP/1.1" 200 389106
::1 - - [26/Feb/2023:14:45:26 +0100] "POST /wp-admin/admin-ajax.php HTTP/1.1" 200 47
::1 - - [26/Feb/2023:14:45:30 +0100] "GET /wp-includes/js/mediaelement/mediaelementplayer-legacy.min.css?ver=4.2.17 HTTP/1.1" 200 11256
::1 - - [26/Feb/2023:14:45:30 +0100] "GET /wp-includes/js/mediaelement/wp-mediaelement.min.css?ver=6.1.1 HTTP/1.1" 200 4186
::1 - - [26/Feb/2023:14:45:30 +0100] "GET /wp-includes/js/imgareaselect/imgareaselect.css?ver=0.9.8 HTTP/1.1" 200 790
::1 - - [26/Feb/2023:14:45:30 +0100] "GET /wp-admin/post.php?post=2&action=edit HTTP/1.1" 200 325878
::1 - - [26/Feb/2023:14:45:30 +0100] "GET /wp-admin/load-styles.php?c=1&dir=ltr&load%5Bchunk_0%5D=dashicons,admin-bar,buttons,media-views,editor-buttons,wp-components,wp-block-editor,wp-nux,wp-reusable-blocks,wp-editor,common,&load%5Bchunk_1%5D=forms,wp-reset-editor-styles,wp-block-library,wp-block-library-theme,wp-edit-blocks,wp-edit-post,wp-block-directory,wp-format-li&load%5Bchunk_2%5D=brary,admin-menu,dashboard,list-tables,edit,revisions,media,themes,about,nav-menus,wp-pointer,widgets,site-icon,l10n,wp-auth-che&load%5Bchunk_3%5D=ck&ver=6.1.1 HTTP/1.1" 200 898871
::1 - - [26/Feb/2023:14:45:30 +0100] "GET /wp-admin/load-scripts.php?c=1&load%5Bchunk_0%5D=jquery-core,jquery-migrate,utils,moxiejs,plupload&ver=6.1.1 HTTP/1.1" 200 205773
::1 - - [26/Feb/2023:14:45:31 +0100] "GET /wp-includes/js/dist/vendor/react.min.js?ver=17.0.1 HTTP/1.1" 200 11324
::1 - - [26/Feb/2023:14:45:31 +0100] "GET /wp-includes/js/dist/api-fetch.min.js?ver=bc0029ca2c943aec5311 HTTP/1.1" 200 5325
::1 - - [26/Feb/2023:14:45:31 +0100] "GET /wp-includes/js/dist/vendor/react-dom.min.js?ver=17.0.1 HTTP/1.1" 200 118430
::1 - - [26/Feb/2023:14:45:31 +0100] "GET /wp-includes/js/dist/vendor/lodash.min.js?ver=4.17.19 HTTP/1.1" 200 71098
::1 - - [26/Feb/2023:14:45:31 +0100] "GET /wp-includes/js/dist/blob.min.js?ver=a078f260190acf405764 HTTP/1.1" 200 952
::1 - - [26/Feb/2023:14:45:31 +0100] "GET /wp-includes/js/dist/block-serialization-default-parser.min.js?ver=eb2cdc8cd7a7975d49d9 HTTP/1.1" 200 2421
::1 - - [26/Feb/2023:14:45:31 +0100] "GET /wp-includes/js/dist/autop.min.js?ver=43197d709df445ccf849 HTTP/1.1" 200 5738
::1 - - [26/Feb/2023:14:45:31 +0100] "GET /wp-includes/js/dist/dom.min.js?ver=133a042fbbef48f38107 HTTP/1.1" 200 13084
::1 - - [26/Feb/2023:14:45:31 +0100] "GET /wp-includes/js/dist/escape-html.min.js?ver=03e27a7b6ae14f7afaa6 HTTP/1.1" 200 1139
::1 - - [26/Feb/2023:14:45:31 +0100] "GET /wp-includes/js/dist/keycodes.min.js?ver=6e0aadc0106bd8aadc89 HTTP/1.1" 200 4215
::1 - - [26/Feb/2023:14:45:31 +0100] "GET /wp-includes/js/dist/priority-queue.min.js?ver=99e325da95c5a35c7dc2 HTTP/1.1" 200 3632
::1 - - [26/Feb/2023:14:45:31 +0100] "GET /wp-includes/js/dist/is-shallow-equal.min.js?ver=20c2b06ecf04afb14fee HTTP/1.1" 200 1097
::1 - - [26/Feb/2023:14:45:31 +0100] "GET /wp-includes/js/dist/element.min.js?ver=47162ff4492c7ec4956b HTTP/1.1" 200 12246
::1 - - [26/Feb/2023:14:45:31 +0100] "GET /wp-includes/js/dist/redux-routine.min.js?ver=c9ea6c0df793258797e6 HTTP/1.1" 200 9242
::1 - - [26/Feb/2023:14:45:31 +0100] "GET /wp-includes/js/dist/html-entities.min.js?ver=36a4a255da7dd2e1bf8e HTTP/1.1" 200 837
::1 - - [26/Feb/2023:14:45:31 +0100] "GET /wp-includes/js/dist/shortcode.min.js?ver=7539044b04e6bca57f2e HTTP/1.1" 200 3281
::1 - - [26/Feb/2023:14:45:31 +0100] "GET /wp-includes/js/dist/primitives.min.js?ver=ae0bece54c0487c976b1 HTTP/1.1" 200 2408
::1 - - [26/Feb/2023:14:45:31 +0100] "GET /wp-includes/js/dist/rich-text.min.js?ver=c704284bebe26cf1dd51 HTTP/1.1" 200 33450
::1 - - [26/Feb/2023:14:45:31 +0100] "GET /wp-includes/js/dist/data.min.js?ver=d8cf5b24f99c64ae47d6 HTTP/1.1" 200 26174
::1 - - [26/Feb/2023:14:45:31 +0100] "GET /wp-includes/js/dist/blocks.min.js?ver=69022aed79bfd45b3b1d HTTP/1.1" 200 168255
::1 - - [26/Feb/2023:14:45:31 +0100] "GET /wp-includes/js/dist/compose.min.js?ver=37228270687b2a94e518 HTTP/1.1" 200 36756
::1 - - [26/Feb/2023:14:45:31 +0100] "GET /wp-includes/js/dist/warning.min.js?ver=4acee5fc2fd9a24cefc2 HTTP/1.1" 200 392
::1 - - [26/Feb/2023:14:45:31 +0100] "GET /wp-includes/js/dist/keyboard-shortcuts.min.js?ver=b696c16720133edfc065 HTTP/1.1" 200 4489
::1 - - [26/Feb/2023:14:45:31 +0100] "GET /wp-includes/js/dist/notices.min.js?ver=9c1575b7a31659f45a45 HTTP/1.1" 200 2425
::1 - - [26/Feb/2023:14:45:31 +0100] "GET /wp-includes/js/dist/token-list.min.js?ver=f2cf0bb3ae80de227e43 HTTP/1.1" 200 1517
::1 - - [26/Feb/2023:14:45:31 +0100] "GET /wp-includes/js/dist/wordcount.min.js?ver=feb9569307aec24292f2 HTTP/1.1" 200 2628
::1 - - [26/Feb/2023:14:45:31 +0100] "GET /wp-includes/js/dist/reusable-blocks.min.js?ver=3fb4b31e589a583a362e HTTP/1.1" 200 5740
::1 - - [26/Feb/2023:14:45:31 +0100] "GET /wp-includes/js/dist/server-side-render.min.js?ver=ba8027ee85d65ae23ec7 HTTP/1.1" 200 3577
::1 - - [26/Feb/2023:14:45:31 +0100] "GET /wp-includes/js/dist/core-data.min.js?ver=d8d458b31912f858bcdf HTTP/1.1" 200 54244
::1 - - [26/Feb/2023:14:45:31 +0100] "GET /wp-includes/js/dist/viewport.min.js?ver=a9868d184d07e4c94fe4 HTTP/1.1" 200 2252
::1 - - [26/Feb/2023:14:45:31 +0100] "GET /wp-admin/js/editor.min.js?ver=6.1.1 HTTP/1.1" 200 13177
::1 - - [26/Feb/2023:14:45:31 +0100] "GET /wp-includes/js/dist/media-utils.min.js?ver=17f6455b0630582352a4 HTTP/1.1" 200 7468
::1 - - [26/Feb/2023:14:45:31 +0100] "GET /wp-includes/js/dist/style-engine.min.js?ver=10341d6e6decffab850e HTTP/1.1" 200 5285
::1 - - [26/Feb/2023:14:45:31 +0100] "GET /wp-includes/js/dist/components.min.js?ver=4b876f1ff2e5c93b8fb1 HTTP/1.1" 200 641943
::1 - - [26/Feb/2023:14:45:31 +0100] "GET /wp-includes/js/dist/preferences-persistence.min.js?ver=c5543628aa7ff5bd5be4 HTTP/1.1" 200 6714
::1 - - [26/Feb/2023:14:45:31 +0100] "GET /wp-includes/js/dist/preferences.min.js?ver=5e6c91c252c0e040f379 HTTP/1.1" 200 2908
::1 - - [26/Feb/2023:14:45:31 +0100] "GET /wp-includes/js/dist/editor.min.js?ver=c9102d37531f38da0681 HTTP/1.1" 200 143361
::1 - - [26/Feb/2023:14:45:31 +0100] "GET /wp-includes/js/dist/block-library.min.js?ver=8adfaccd027d4d509d5e HTTP/1.1" 200 750104
::1 - - [26/Feb/2023:14:45:31 +0100] "GET /wp-includes/js/dist/block-editor.min.js?ver=0c7c9b9a74ceb717d6eb HTTP/1.1" 200 573734
::1 - - [26/Feb/2023:14:45:31 +0100] "GET /wp-includes/js/wp-backbone.min.js?ver=6.1.1 HTTP/1.1" 200 3039
::1 - - [26/Feb/2023:14:45:31 +0100] "GET /wp-includes/js/media-models.min.js?ver=6.1.1 HTTP/1.1" 200 13394
::1 - - [26/Feb/2023:14:45:31 +0100] "GET /wp-includes/js/backbone.min.js?ver=1.4.1 HTTP/1.1" 200 23848
::1 - - [26/Feb/2023:14:45:31 +0100] "GET /wp-includes/js/dist/plugins.min.js?ver=0d1b90278bae7df6ecf9 HTTP/1.1" 200 4936
::1 - - [26/Feb/2023:14:45:32 +0100] "GET /wp-includes/js/mediaelement/wp-mediaelement.min.js?ver=6.1.1 HTTP/1.1" 200 906
::1 - - [26/Feb/2023:14:45:32 +0100] "GET /wp-includes/js/mediaelement/mediaelement-migrate.min.js?ver=6.1.1 HTTP/1.1" 200 1191
::1 - - [26/Feb/2023:14:45:32 +0100] "GET /wp-includes/js/dist/edit-post.min.js?ver=2baffbeec6cbe5171dee HTTP/1.1" 200 116012
::1 - - [26/Feb/2023:14:45:32 +0100] "GET /wp-includes/js/mediaelement/mediaelement-and-player.min.js?ver=4.2.17 HTTP/1.1" 200 158005
::1 - - [26/Feb/2023:14:45:32 +0100] "GET /wp-includes/js/media-views.min.js?ver=6.1.1 HTTP/1.1" 200 110297
::1 - - [26/Feb/2023:14:45:32 +0100] "GET /wp-includes/js/plupload/wp-plupload.min.js?ver=6.1.1 HTTP/1.1" 200 5903
::1 - - [26/Feb/2023:14:45:32 +0100] "GET /wp-admin/js/image-edit.min.js?ver=6.1.1 HTTP/1.1" 200 11244
::1 - - [26/Feb/2023:14:45:32 +0100] "GET /wp-includes/js/imgareaselect/jquery.imgareaselect.min.js?ver=6.1.1 HTTP/1.1" 200 9712
::1 - - [26/Feb/2023:14:45:32 +0100] "GET /wp-includes/js/mce-view.min.js?ver=6.1.1 HTTP/1.1" 200 9883
::1 - - [26/Feb/2023:14:45:32 +0100] "GET /wp-includes/js/media-editor.min.js?ver=6.1.1 HTTP/1.1" 200 10885
::1 - - [26/Feb/2023:14:45:32 +0100] "GET /wp-includes/js/media-audiovideo.min.js?ver=6.1.1 HTTP/1.1" 200 12075
::1 - - [26/Feb/2023:14:45:32 +0100] "GET /wp-includes/js/dist/format-library.min.js?ver=57876a359eac66da202b HTTP/1.1" 200 19897
::1 - - [26/Feb/2023:14:45:32 +0100] "GET /wp-includes/js/dist/block-directory.min.js?ver=000a47d4ebe2ceac3593 HTTP/1.1" 200 21658
::1 - - [26/Feb/2023:14:45:32 +0100] "GET /wp-includes/js/tinymce/wp-tinymce.js?ver=49110-20201110 HTTP/1.1" 200 671352
::1 - - [26/Feb/2023:14:45:32 +0100] "GET /wp-json/wp/v2/users/me?context=edit&_locale=user HTTP/1.1" 200 2155
::1 - - [26/Feb/2023:14:45:33 +0100] "GET /wp-json/wp/v2/blocks?context=edit&per_page=100&_locale=user HTTP/1.1" 200 2
::1 - - [26/Feb/2023:14:45:33 +0100] "GET /wp-json/wp/v2/block-patterns/categories?_locale=user HTTP/1.1" 200 287
::1 - - [26/Feb/2023:14:45:33 +0100] "GET /wp-json/wp/v2/users?context=view&who=authors&per_page=50&_fields=id%2Cname&_locale=user HTTP/1.1" 200 25
::1 - - [26/Feb/2023:14:45:33 +0100] "GET /sample-page/?_wp-find-template=true HTTP/1.1" 200 1499
::1 - - [26/Feb/2023:14:45:33 +0100] "GET /wp-json/?_fields=description%2Cgmt_offset%2Chome%2Cname%2Csite_icon%2Csite_icon_url%2Csite_logo%2Ctimezone_string%2Curl&_locale=user HTTP/1.1" 200 454
::1 - - [26/Feb/2023:14:45:35 +0100] "GET /wp-json/wp/v2/taxonomies?context=edit&per_page=100&_locale=user HTTP/1.1" 200 5859
::1 - - [26/Feb/2023:14:45:35 +0100] "OPTIONS /wp-json/wp/v2/pages/2?_locale=user HTTP/1.1" 200 9459
::1 - - [26/Feb/2023:14:45:35 +0100] "POST /wp-json/wp/v2/users/me?_locale=user HTTP/1.1" 200 2247
::1 - - [26/Feb/2023:14:45:35 +0100] "GET /wp-json/wp/v2/templates/twentytwentythree//page?context=edit&_locale=user HTTP/1.1" 200 1929
::1 - - [26/Feb/2023:14:45:35 +0100] "GET /wp-json/wp/v2/themes?context=edit&status=active&_locale=user HTTP/1.1" 200 3194
::1 - - [26/Feb/2023:14:45:33 +0100] "GET /wp-json/wp/v2/block-patterns/patterns?_locale=user HTTP/1.1" 200 98112
::1 - - [26/Feb/2023:14:45:38 +0100] "POST /wp-json/wp/v2/users/me?_locale=user HTTP/1.1" 200 2268
::1 - - [26/Feb/2023:14:45:50 +0100] "GET /wp-content/themes/twentytwentythree/assets/fonts/inter/Inter-VariableFont_slnt,wght.ttf HTTP/1.1" 200 803384
::1 - - [26/Feb/2023:14:45:52 +0100] "POST /wp-json/wp/v2/users/me?_locale=user HTTP/1.1" 200 2269
::1 - - [26/Feb/2023:14:45:59 +0100] "GET /wp-admin/post.php?post=2&action=edit HTTP/1.1" 200 325888
::1 - - [26/Feb/2023:14:46:01 +0100] "GET /wp-json/wp/v2/blocks?context=edit&per_page=100&_locale=user HTTP/1.1" 200 2
::1 - - [26/Feb/2023:14:46:01 +0100] "GET /wp-json/wp/v2/block-patterns/categories?_locale=user HTTP/1.1" 200 287
::1 - - [26/Feb/2023:14:46:01 +0100] "GET /wp-json/wp/v2/block-patterns/patterns?_locale=user HTTP/1.1" 200 98112
::1 - - [26/Feb/2023:14:46:02 +0100] "POST /wp-admin/admin-ajax.php HTTP/1.1" 200 47
::1 - - [26/Feb/2023:14:46:05 +0100] "GET /sample-page/ HTTP/1.1" 200 53040
::1 - - [26/Feb/2023:14:46:17 +0100] "POST /wp-admin/admin-ajax.php HTTP/1.1" 200 47
::1 - - [26/Feb/2023:14:46:29 +0100] "GET /wp-admin/options-general.php HTTP/1.1" 200 64183
::1 - - [26/Feb/2023:14:46:33 +0100] "POST /wp-admin/admin-ajax.php HTTP/1.1" 200 98
::1 - - [26/Feb/2023:14:46:47 +0100] "GET /wp-admin/site-editor.php HTTP/1.1" 302 -
::1 - - [26/Feb/2023:14:46:47 +0100] "GET /wp-admin/site-editor.php?postType=wp_template&postId=twentytwentythree//home HTTP/1.1" 200 323408
::1 - - [26/Feb/2023:14:46:48 +0100] "GET /wp-includes/js/dist/edit-site.min.js?ver=3ab3e2570a5c4c270c72 HTTP/1.1" 200 204830
::1 - - [26/Feb/2023:14:46:48 +0100] "GET /wp-admin/load-styles.php?c=1&dir=ltr&load%5Bchunk_0%5D=dashicons,admin-bar,wp-components,wp-block-editor,wp-nux,wp-reusable-blocks,wp-editor,common,forms,wp-reset-editor-styles,wp-blo&load%5Bchunk_1%5D=ck-library,wp-block-library-theme,wp-edit-blocks,wp-edit-site,wp-format-library,buttons,media-views,wp-block-directory,admin-men&load%5Bchunk_2%5D=u,dashboard,list-tables,edit,revisions,media,themes,about,nav-menus,wp-pointer,widgets,site-icon,l10n,wp-auth-check&ver=6.1.1 HTTP/1.1" 200 880678
::1 - - [26/Feb/2023:14:46:49 +0100] "GET /wp-json/wp/v2/blocks?context=edit&per_page=100&_locale=user HTTP/1.1" 200 2
::1 - - [26/Feb/2023:14:46:49 +0100] "GET /wp-json/wp/v2/settings?_locale=user HTTP/1.1" 200 458
::1 - - [26/Feb/2023:14:46:49 +0100] "GET /wp-json/wp/v2/templates/twentytwentythree//home?context=edit&_locale=user HTTP/1.1" 200 3347
::1 - - [26/Feb/2023:14:46:50 +0100] "GET /wp-json/wp/v2/global-styles/5?_locale=user HTTP/1.1" 200 349
::1 - - [26/Feb/2023:14:46:51 +0100] "GET /wp-includes/css/dist/components/style.min.css?ver=6.1.1 HTTP/1.1" 200 82425
::1 - - [26/Feb/2023:14:46:51 +0100] "GET /wp-includes/css/dist/block-editor/style.min.css?ver=6.1.1 HTTP/1.1" 200 116844
::1 - - [26/Feb/2023:14:46:51 +0100] "GET /wp-includes/css/dist/block-library/style.min.css?ver=6.1.1 HTTP/1.1" 200 94889
::1 - - [26/Feb/2023:14:46:51 +0100] "GET /wp-includes/css/dist/nux/style.min.css?ver=6.1.1 HTTP/1.1" 200 2740
::1 - - [26/Feb/2023:14:46:51 +0100] "GET /wp-includes/css/dist/reusable-blocks/style.min.css?ver=6.1.1 HTTP/1.1" 200 522
::1 - - [26/Feb/2023:14:46:51 +0100] "GET /wp-includes/css/dist/editor/style.min.css?ver=6.1.1 HTTP/1.1" 200 18825
::1 - - [26/Feb/2023:14:46:50 +0100] "GET /wp-json/wp/v2/block-patterns/categories?_locale=user HTTP/1.1" 200 287
::1 - - [26/Feb/2023:14:46:50 +0100] "GET /wp-json/?_fields=description%2Cgmt_offset%2Chome%2Cname%2Csite_icon%2Csite_icon_url%2Csite_logo%2Ctimezone_string%2Curl&_locale=user HTTP/1.1" 200 454
::1 - - [26/Feb/2023:14:46:51 +0100] "GET /wp-includes/css/dist/block-library/theme.min.css?ver=6.1.1 HTTP/1.1" 200 2699
::1 - - [26/Feb/2023:14:46:51 +0100] "GET /wp-includes/css/dist/block-library/editor.min.css?ver=6.1.1 HTTP/1.1" 200 66566
::1 - - [26/Feb/2023:14:46:50 +0100] "GET /wp-json/wp/v2/block-patterns/patterns?_locale=user HTTP/1.1" 200 98112
::1 - - [26/Feb/2023:14:46:50 +0100] "OPTIONS /wp-json/wp/v2/blocks?_locale=user HTTP/1.1" 200 7457
::1 - - [26/Feb/2023:14:46:50 +0100] "POST /wp-json/wp/v2/users/me?_locale=user HTTP/1.1" 200 2310
::1 - - [26/Feb/2023:14:46:51 +0100] "GET /wp-json/wp/v2/types?context=edit&per_page=100&_locale=user HTTP/1.1" 200 19166
::1 - - [26/Feb/2023:14:46:51 +0100] "GET /wp-json/wp/v2/template-parts/twentytwentythree//header?context=edit&_locale=user HTTP/1.1" 200 1374
::1 - - [26/Feb/2023:14:46:51 +0100] "GET /wp-json/wp/v2/taxonomies?context=view&type=post&per_page=100&_locale=user HTTP/1.1" 200 778
::1 - - [26/Feb/2023:14:46:52 +0100] "GET /wp-json/wp/v2/types/post?context=edit&_locale=user HTTP/1.1" 200 2346
::1 - - [26/Feb/2023:14:46:52 +0100] "GET /wp-json/wp/v2/template-parts/twentytwentythree//footer?context=edit&_locale=user HTTP/1.1" 200 836
::1 - - [26/Feb/2023:14:46:52 +0100] "GET /wp-json/wp/v2/posts?context=edit&offset=0&order=desc&orderby=date&per_page=3&_locale=user HTTP/1.1" 200 2730
::1 - - [26/Feb/2023:14:46:52 +0100] "OPTIONS /wp-json/wp/v2/settings?_locale=user HTTP/1.1" 200 4561
::1 - - [26/Feb/2023:14:46:52 +0100] "GET /wp-json/?_fields=description%2Cgmt_offset%2Chome%2Cname%2Csite_icon%2Csite_icon_url%2Csite_logo%2Ctimezone_string%2Curl&_locale=user HTTP/1.1" 200 454
::1 - - [26/Feb/2023:14:46:53 +0100] "OPTIONS /wp-json/wp/v2/navigation?_locale=user HTTP/1.1" 200 8014
::1 - - [26/Feb/2023:14:46:53 +0100] "GET /wp-json/wp/v2/menus?context=view&per_page=100&_locale=user HTTP/1.1" 200 2
::1 - - [26/Feb/2023:14:46:53 +0100] "GET /wp-json/wp/v2/navigation?context=edit&per_page=100&status%5B0%5D=publish&status%5B1%5D=draft&_locale=user HTTP/1.1" 200 2
::1 - - [26/Feb/2023:14:46:53 +0100] "GET /wp-json/wp/v2/pages?context=view&parent=0&order=asc&orderby=id&per_page=100&_locale=user HTTP/1.1" 200 2660
::1 - - [26/Feb/2023:14:46:54 +0100] "GET /wp-json/wp/v2/taxonomies?context=view&_locale=user HTTP/1.1" 200 1181
::1 - - [26/Feb/2023:14:46:54 +0100] "GET /wp-json/wp/v2/posts/1?context=edit&_locale=user HTTP/1.1" 200 2728
::1 - - [26/Feb/2023:14:46:54 +0100] "OPTIONS /wp-json/wp/v2/posts/1?_locale=user HTTP/1.1" 200 11590
::1 - - [26/Feb/2023:14:46:55 +0100] "GET /wp-json/wp/v2/taxonomies?context=view&_locale=user HTTP/1.1" 200 1181
::1 - - [26/Feb/2023:14:46:55 +0100] "GET /wp-json/wp/v2/navigation?context=edit&status=draft&per_page=100&_locale=user HTTP/1.1" 200 2
::1 - - [26/Feb/2023:14:46:55 +0100] "GET /wp-json/wp/v2/pages?context=view&orderby=menu_order&order=asc&_fields=id%2Clink%2Cparent%2Ctitle%2Cmenu_order&per_page=100&_locale=user HTTP/1.1" 200 117
::1 - - [26/Feb/2023:14:46:55 +0100] "GET /wp-json/wp/v2/categories?context=view&per_page=100&_locale=user HTTP/1.1" 200 593
::1 - - [26/Feb/2023:14:46:56 +0100] "GET /wp-json/wp/v2/tags?context=view&per_page=100&_locale=user HTTP/1.1" 200 2
::1 - - [26/Feb/2023:14:47:12 +0100] "GET /wp-admin/options-writing.php HTTP/1.1" 200 26480
::1 - - [26/Feb/2023:14:47:18 +0100] "GET /wp-admin/options-permalink.php HTTP/1.1" 200 33647
::1 - - [26/Feb/2023:14:47:30 +0100] "GET /wp-admin/options-general.php HTTP/1.1" 200 64183
::1 - - [26/Feb/2023:14:47:46 +0100] "GET /wp-admin/edit.php?post_type=page HTTP/1.1" 200 47665
::1 - - [26/Feb/2023:14:47:47 +0100] "POST /wp-admin/admin-ajax.php HTTP/1.1" 200 47
::1 - - [26/Feb/2023:14:47:49 +0100] "POST /wp-admin/admin-ajax.php HTTP/1.1" 200 47
::1 - - [26/Feb/2023:14:47:50 +0100] "GET /wp-admin/post.php?post=2&action=edit HTTP/1.1" 200 326033
::1 - - [26/Feb/2023:14:47:52 +0100] "GET /wp-json/wp/v2/blocks?context=edit&per_page=100&_locale=user HTTP/1.1" 200 2
::1 - - [26/Feb/2023:14:47:52 +0100] "GET /wp-json/wp/v2/block-patterns/categories?_locale=user HTTP/1.1" 200 287
::1 - - [26/Feb/2023:14:47:52 +0100] "GET /wp-json/?_fields=description%2Cgmt_offset%2Chome%2Cname%2Csite_icon%2Csite_icon_url%2Csite_logo%2Ctimezone_string%2Curl&_locale=user HTTP/1.1" 200 454
::1 - - [26/Feb/2023:14:47:52 +0100] "GET /wp-json/wp/v2/block-patterns/patterns?_locale=user HTTP/1.1" 200 98112
::1 - - [26/Feb/2023:14:47:52 +0100] "GET /sample-page/?_wp-find-template=true HTTP/1.1" 200 1499
::1 - - [26/Feb/2023:14:47:53 +0100] "GET /wp-json/wp/v2/templates/twentytwentythree//page?context=edit&_locale=user HTTP/1.1" 200 1929
::1 - - [26/Feb/2023:14:47:54 +0100] "OPTIONS /wp-json/wp/v2/pages/2?_locale=user HTTP/1.1" 200 9459
::1 - - [26/Feb/2023:14:47:54 +0100] "GET /wp-json/wp/v2/users?context=view&who=authors&per_page=50&_fields=id%2Cname&_locale=user HTTP/1.1" 200 25
::1 - - [26/Feb/2023:14:47:54 +0100] "GET /wp-json/wp/v2/taxonomies?context=edit&per_page=100&_locale=user HTTP/1.1" 200 5859
::1 - - [26/Feb/2023:14:47:54 +0100] "POST /wp-json/wp/v2/users/me?_locale=user HTTP/1.1" 200 2309
::1 - - [26/Feb/2023:14:47:54 +0100] "GET /wp-json/wp/v2/themes?context=edit&status=active&_locale=user HTTP/1.1" 200 3194
::1 - - [26/Feb/2023:14:48:34 +0100] "POST /wp-admin/admin-ajax.php HTTP/1.1" 200 98
::1 - - [26/Feb/2023:14:48:47 +0100] "GET /wp-admin/about.php HTTP/1.1" 200 47332
::1 - - [26/Feb/2023:14:48:48 +0100] "GET /wp-admin/images/about-header-about.svg?ver=6.1 HTTP/1.1" 200 4045
::1 - - [26/Feb/2023:14:48:49 +0100] "GET /wp-admin/options-general.php HTTP/1.1" 200 64183
::1 - - [26/Feb/2023:14:48:50 +0100] "POST /wp-admin/admin-ajax.php HTTP/1.1" 200 47
::1 - - [26/Feb/2023:14:48:52 +0100] "POST /wp-admin/admin-ajax.php HTTP/1.1" 200 98
::1 - - [26/Feb/2023:14:48:53 +0100] "GET /wp-admin/options-reading.php HTTP/1.1" 200 27187
::1 - - [26/Feb/2023:14:49:01 +0100] "POST /wp-admin/options.php HTTP/1.1" 302 -
::1 - - [26/Feb/2023:14:49:01 +0100] "GET /wp-admin/options-reading.php?settings-updated=true HTTP/1.1" 200 27379
::1 - - [26/Feb/2023:14:49:09 +0100] "GET / HTTP/1.1" 200 53024
::1 - - [26/Feb/2023:14:49:24 +0100] "GET /wp-admin/options-general.php HTTP/1.1" 200 64183
::1 - - [26/Feb/2023:14:49:35 +0100] "POST /wp-admin/admin-ajax.php HTTP/1.1" 200 98
::1 - - [26/Feb/2023:14:49:48 +0100] "POST /wp-admin/options.php HTTP/1.1" 302 -
::1 - - [26/Feb/2023:14:49:48 +0100] "GET /wp-admin/options-general.php?settings-updated=true HTTP/1.1" 200 64376
::1 - - [26/Feb/2023:14:49:54 +0100] "GET / HTTP/1.1" 200 52996
::1 - - [26/Feb/2023:14:50:05 +0100] "GET /wp-admin/post.php?post=2&action=edit HTTP/1.1" 200 325905
::1 - - [26/Feb/2023:14:50:08 +0100] "GET /wp-json/wp/v2/blocks?context=edit&per_page=100&_locale=user HTTP/1.1" 200 2
::1 - - [26/Feb/2023:14:50:08 +0100] "GET /wp-json/wp/v2/block-patterns/categories?_locale=user HTTP/1.1" 200 287
::1 - - [26/Feb/2023:14:50:08 +0100] "GET /wp-json/?_fields=description%2Cgmt_offset%2Chome%2Cname%2Csite_icon%2Csite_icon_url%2Csite_logo%2Ctimezone_string%2Curl&_locale=user HTTP/1.1" 200 477
::1 - - [26/Feb/2023:14:50:08 +0100] "GET /wp-json/wp/v2/block-patterns/patterns?_locale=user HTTP/1.1" 200 98112
::1 - - [26/Feb/2023:14:50:08 +0100] "GET /?_wp-find-template=true HTTP/1.1" 200 1499
::1 - - [26/Feb/2023:14:50:09 +0100] "GET /wp-json/wp/v2/taxonomies?context=edit&per_page=100&_locale=user HTTP/1.1" 200 5859
::1 - - [26/Feb/2023:14:50:09 +0100] "GET /wp-json/wp/v2/users?context=view&who=authors&per_page=50&_fields=id%2Cname&_locale=user HTTP/1.1" 200 25
::1 - - [26/Feb/2023:14:50:09 +0100] "OPTIONS /wp-json/wp/v2/pages/2?_locale=user HTTP/1.1" 200 9459
::1 - - [26/Feb/2023:14:50:09 +0100] "GET /wp-json/wp/v2/themes?context=edit&status=active&_locale=user HTTP/1.1" 200 3194
::1 - - [26/Feb/2023:14:50:10 +0100] "GET /wp-json/wp/v2/templates/twentytwentythree//page?context=edit&_locale=user HTTP/1.1" 200 1929
::1 - - [26/Feb/2023:14:50:50 +0100] "POST /wp-admin/admin-ajax.php HTTP/1.1" 200 47
::1 - - [26/Feb/2023:14:50:51 +0100] "POST /wp-admin/admin-ajax.php HTTP/1.1" 200 47
::1 - - [26/Feb/2023:14:50:53 +0100] "POST /wp-admin/admin-ajax.php HTTP/1.1" 200 98
::1 - - [26/Feb/2023:14:51:07 +0100] "POST /wp-admin/admin-ajax.php HTTP/1.1" 200 98
::1 - - [26/Feb/2023:14:51:08 +0100] "POST /wp-json/wp/v2/pages/2/autosaves?_locale=user HTTP/1.1" 200 2338
::1 - - [26/Feb/2023:14:51:36 +0100] "POST /wp-admin/admin-ajax.php HTTP/1.1" 200 98
::1 - - [26/Feb/2023:14:52:07 +0100] "POST /wp-admin/admin-ajax.php HTTP/1.1" 200 98
::1 - - [26/Feb/2023:14:52:08 +0100] "POST /wp-json/wp/v2/pages/2/autosaves?_locale=user HTTP/1.1" 200 2620
::1 - - [26/Feb/2023:14:52:28 +0100] "GET /wp-json/wp/v2/search?search=.%2F&per_page=20&type=term&_locale=user HTTP/1.1" 200 2
::1 - - [26/Feb/2023:14:52:28 +0100] "GET /wp-json/wp/v2/search?search=.%2F&per_page=20&type=post&_locale=user HTTP/1.1" 200 2
::1 - - [26/Feb/2023:14:52:28 +0100] "GET /wp-json/wp/v2/media?search=.%2F&per_page=20&_locale=user HTTP/1.1" 200 2
::1 - - [26/Feb/2023:14:52:28 +0100] "GET /wp-json/wp/v2/media?search=.%2Fw&per_page=20&_locale=user HTTP/1.1" 200 2
::1 - - [26/Feb/2023:14:52:28 +0100] "GET /wp-json/wp/v2/search?search=.%2Fw&per_page=20&type=term&_locale=user HTTP/1.1" 200 2
::1 - - [26/Feb/2023:14:52:28 +0100] "GET /wp-json/wp/v2/search?search=.%2Fw&per_page=20&type=post&_locale=user HTTP/1.1" 200 2
::1 - - [26/Feb/2023:14:52:29 +0100] "GET /wp-json/wp/v2/search?search=.%2Fwp&per_page=20&type=post&_locale=user HTTP/1.1" 200 2
::1 - - [26/Feb/2023:14:52:29 +0100] "GET /wp-json/wp/v2/search?search=.%2Fwp&per_page=20&type=term&_locale=user HTTP/1.1" 200 2
::1 - - [26/Feb/2023:14:52:29 +0100] "GET /wp-json/wp/v2/media?search=.%2Fwp&per_page=20&_locale=user HTTP/1.1" 200 2
::1 - - [26/Feb/2023:14:52:30 +0100] "GET /wp-json/wp/v2/media?search=.%2Fwp-a&per_page=20&_locale=user HTTP/1.1" 200 2
::1 - - [26/Feb/2023:14:52:30 +0100] "GET /wp-json/wp/v2/search?search=.%2Fwp-a&per_page=20&type=post&_locale=user HTTP/1.1" 200 2
::1 - - [26/Feb/2023:14:52:30 +0100] "GET /wp-json/wp/v2/search?search=.%2Fwp-a&per_page=20&type=term&_locale=user HTTP/1.1" 200 2
::1 - - [26/Feb/2023:14:52:31 +0100] "GET /wp-json/wp/v2/search?search=.%2Fwp-adm&per_page=20&type=post&_locale=user HTTP/1.1" 200 2
::1 - - [26/Feb/2023:14:52:31 +0100] "GET /wp-json/wp/v2/search?search=.%2Fwp-adm&per_page=20&type=term&_locale=user HTTP/1.1" 200 2
::1 - - [26/Feb/2023:14:52:31 +0100] "GET /wp-json/wp/v2/media?search=.%2Fwp-adm&per_page=20&_locale=user HTTP/1.1" 200 2
::1 - - [26/Feb/2023:14:52:31 +0100] "GET /wp-json/wp/v2/search?search=.%2Fwp-admi&per_page=20&type=post&_locale=user HTTP/1.1" 200 2
::1 - - [26/Feb/2023:14:52:31 +0100] "GET /wp-json/wp/v2/search?search=.%2Fwp-admi&per_page=20&type=term&_locale=user HTTP/1.1" 200 2
::1 - - [26/Feb/2023:14:52:31 +0100] "GET /wp-json/wp/v2/media?search=.%2Fwp-admi&per_page=20&_locale=user HTTP/1.1" 200 2
::1 - - [26/Feb/2023:14:52:32 +0100] "GET /wp-json/wp/v2/search?search=.%2Fwp-admin&per_page=20&type=term&_locale=user HTTP/1.1" 200 2
::1 - - [26/Feb/2023:14:52:32 +0100] "GET /wp-json/wp/v2/search?search=.%2Fwp-admin&per_page=20&type=post&_locale=user HTTP/1.1" 200 2
::1 - - [26/Feb/2023:14:52:32 +0100] "GET /wp-json/wp/v2/media?search=.%2Fwp-admin&per_page=20&_locale=user HTTP/1.1" 200 2
::1 - - [26/Feb/2023:14:52:51 +0100] "POST /wp-admin/admin-ajax.php HTTP/1.1" 200 47
::1 - - [26/Feb/2023:14:52:52 +0100] "POST /wp-admin/admin-ajax.php HTTP/1.1" 200 47
::1 - - [26/Feb/2023:14:52:54 +0100] "POST /wp-admin/admin-ajax.php HTTP/1.1" 200 98
::1 - - [26/Feb/2023:14:53:07 +0100] "POST /wp-admin/admin-ajax.php HTTP/1.1" 200 98
::1 - - [26/Feb/2023:14:53:08 +0100] "POST /wp-json/wp/v2/pages/2/autosaves?_locale=user HTTP/1.1" 200 2660
::1 - - [26/Feb/2023:14:53:14 +0100] "GET /wp-admin HTTP/1.1" 301 237
::1 - - [26/Feb/2023:14:53:14 +0100] "GET /wp-admin/ HTTP/1.1" 302 -
::1 - - [26/Feb/2023:14:53:15 +0100] "GET /wp-login.php?redirect_to=http%3A%2F%2Flocalhost%3A81%2Fwp-admin%2F&reauth=1 HTTP/1.1" 200 5071
::1 - - [26/Feb/2023:14:53:14 +0100] "GET /wp-json/wp-block-editor/v1/url-details?url=http%3A%2F%2Flocalhost%3A81%2Fwp-admin%2F&_locale=user HTTP/1.1" 200 99
::1 - - [26/Feb/2023:14:53:37 +0100] "POST /wp-admin/admin-ajax.php HTTP/1.1" 200 98
::1 - - [26/Feb/2023:14:53:44 +0100] "GET /wp-json/wp-block-editor/v1/url-details?url=https%3A%2F%2Fphpbrowserbox.com&_locale=user HTTP/1.1" 404 125
::1 - - [26/Feb/2023:14:53:53 +0100] "POST /wp-json/wp/v2/pages/2?_locale=user HTTP/1.1" 200 4596
::1 - - [26/Feb/2023:14:54:06 +0100] "GET / HTTP/1.1" 200 46805
::1 - - [26/Feb/2023:14:54:07 +0100] "POST /wp-admin/admin-ajax.php HTTP/1.1" 200 98
::1 - - [26/Feb/2023:14:54:13 +0100] "GET /wp-admin/ HTTP/1.1" 302 -
::1 - - [26/Feb/2023:14:54:13 +0100] "GET /wp-login.php?redirect_to=http%3A%2F%2Flocalhost%3A81%2Fwp-admin%2F&reauth=1 HTTP/1.1" 200 5071
::1 - - [26/Feb/2023:14:54:14 +0100] "GET /wp-admin/css/login.min.css?ver=6.1.1 HTTP/1.1" 200 6315
::1 - - [26/Feb/2023:14:54:14 +0100] "GET /wp-includes/js/zxcvbn-async.min.js?ver=1.0 HTTP/1.1" 200 351
::1 - - [26/Feb/2023:14:54:14 +0100] "GET /wp-includes/js/dist/i18n.min.js?ver=9e794f35a71bb98672ae HTTP/1.1" 200 10230
::1 - - [26/Feb/2023:14:54:14 +0100] "GET /wp-admin/js/password-strength-meter.min.js?ver=6.1.1 HTTP/1.1" 200 1123
::1 - - [26/Feb/2023:14:54:14 +0100] "GET /wp-includes/js/dist/hooks.min.js?ver=4169d3cf8e8d95a3d6d5 HTTP/1.1" 200 4910
::1 - - [26/Feb/2023:14:54:14 +0100] "GET /wp-includes/js/dist/vendor/regenerator-runtime.min.js?ver=0.13.9 HTTP/1.1" 200 6475
::1 - - [26/Feb/2023:14:54:14 +0100] "GET /wp-includes/js/dist/vendor/wp-polyfill.min.js?ver=3.15.0 HTTP/1.1" 200 17823
::1 - - [26/Feb/2023:14:54:14 +0100] "GET /wp-includes/js/underscore.min.js?ver=1.13.4 HTTP/1.1" 200 18833
::1 - - [26/Feb/2023:14:54:14 +0100] "GET /wp-includes/js/wp-util.min.js?ver=6.1.1 HTTP/1.1" 200 1426
::1 - - [26/Feb/2023:14:54:14 +0100] "GET /wp-admin/js/user-profile.min.js?ver=6.1.1 HTTP/1.1" 200 6187
::1 - - [26/Feb/2023:14:54:15 +0100] "GET /wp-includes/js/zxcvbn.min.js HTTP/1.1" 200 822237
::1 - - [26/Feb/2023:14:54:23 +0100] "GET / HTTP/1.1" 200 46805
::1 - - [26/Feb/2023:14:54:29 +0100] "GET /wp-admin HTTP/1.1" 301 237
::1 - - [26/Feb/2023:14:54:29 +0100] "GET /wp-admin/ HTTP/1.1" 302 -
::1 - - [26/Feb/2023:14:54:30 +0100] "GET /wp-login.php?redirect_to=http%3A%2F%2Flocalhost%3A81%2Fwp-admin%2F&reauth=1 HTTP/1.1" 200 5071
::1 - - [26/Feb/2023:14:54:41 +0100] "POST /wp-login.php HTTP/1.1" 302 -
::1 - - [26/Feb/2023:14:54:41 +0100] "GET /wp-admin/ HTTP/1.1" 200 70649
::1 - - [26/Feb/2023:14:54:43 +0100] "GET /wp-includes/js/thickbox/thickbox.css?ver=6.1.1 HTTP/1.1" 200 2659
::1 - - [26/Feb/2023:14:54:43 +0100] "GET /wp-admin/js/common.min.js?ver=6.1.1 HTTP/1.1" 200 20150
::1 - - [26/Feb/2023:14:54:43 +0100] "GET /wp-includes/js/hoverintent-js.min.js?ver=2.2.1 HTTP/1.1" 200 1718
::1 - - [26/Feb/2023:14:54:43 +0100] "GET /wp-includes/js/admin-bar.min.js?ver=6.1.1 HTTP/1.1" 200 3537
::1 - - [26/Feb/2023:14:54:43 +0100] "GET /wp-includes/css/editor.min.css?ver=6.1.1 HTTP/1.1" 200 26975
::1 - - [26/Feb/2023:14:54:43 +0100] "GET /wp-includes/js/clipboard.min.js?ver=2.0.11 HTTP/1.1" 200 9009
::1 - - [26/Feb/2023:14:54:43 +0100] "GET /wp-includes/js/dist/dom-ready.min.js?ver=392bdd43726760d1f3ca HTTP/1.1" 200 498
::1 - - [26/Feb/2023:14:54:43 +0100] "GET /wp-admin/load-scripts.php?c=1&load%5Bchunk_0%5D=hoverIntent,regenerator-runtime,wp-polyfill,wp-hooks&ver=6.1.1 HTTP/1.1" 200 30711
::1 - - [26/Feb/2023:14:54:43 +0100] "GET /wp-admin/load-scripts.php?c=1&load%5Bchunk_0%5D=jquery-core,jquery-migrate,utils&ver=6.1.1 HTTP/1.1" 200 102775
::1 - - [26/Feb/2023:14:54:43 +0100] "GET /wp-admin/load-styles.php?c=1&dir=ltr&load%5Bchunk_0%5D=dashicons,admin-bar,site-health,common,forms,admin-menu,dashboard,list-tables,edit,revisions,media,themes,about,nav-menus,wp-poi&load%5Bchunk_1%5D=nter,widgets,site-icon,l10n,buttons,wp-auth-check&ver=6.1.1 HTTP/1.1" 200 394281
::1 - - [26/Feb/2023:14:54:43 +0100] "GET /wp-includes/js/dist/a11y.min.js?ver=ecce20f002eda4c19664 HTTP/1.1" 200 2508
::1 - - [26/Feb/2023:14:54:43 +0100] "GET /wp-includes/js/api-request.min.js?ver=6.1.1 HTTP/1.1" 200 1023
::1 - - [26/Feb/2023:14:54:43 +0100] "GET /wp-includes/js/dist/url.min.js?ver=bb0ef862199bcae73aa7 HTTP/1.1" 200 9147
::1 - - [26/Feb/2023:14:54:43 +0100] "GET /wp-admin/js/site-health.min.js?ver=6.1.1 HTTP/1.1" 200 6239
::1 - - [26/Feb/2023:14:54:43 +0100] "GET /wp-includes/js/wp-ajax-response.min.js?ver=6.1.1 HTTP/1.1" 200 2440
::1 - - [26/Feb/2023:14:54:43 +0100] "GET /wp-includes/js/jquery/jquery.color.min.js?ver=2.2.0 HTTP/1.1" 200 7047
::1 - - [26/Feb/2023:14:54:43 +0100] "GET /wp-includes/js/wp-lists.min.js?ver=6.1.1 HTTP/1.1" 200 7522
::1 - - [26/Feb/2023:14:54:43 +0100] "GET /wp-includes/js/quicktags.min.js?ver=6.1.1 HTTP/1.1" 200 11132
::1 - - [26/Feb/2023:14:54:43 +0100] "GET /wp-includes/js/jquery/jquery.query.js?ver=2.2.3 HTTP/1.1" 200 3694
::1 - - [26/Feb/2023:14:54:43 +0100] "GET /wp-admin/js/edit-comments.min.js?ver=6.1.1 HTTP/1.1" 200 15349
::1 - - [26/Feb/2023:14:54:43 +0100] "GET /wp-includes/js/jquery/ui/core.min.js?ver=1.13.2 HTTP/1.1" 200 21440
::1 - - [26/Feb/2023:14:54:43 +0100] "GET /wp-includes/js/jquery/ui/mouse.min.js?ver=1.13.2 HTTP/1.1" 200 3402
::1 - - [26/Feb/2023:14:54:43 +0100] "GET /wp-includes/js/jquery/ui/sortable.min.js?ver=1.13.2 HTTP/1.1" 200 25455
::1 - - [26/Feb/2023:14:54:43 +0100] "GET /wp-admin/js/postbox.min.js?ver=6.1.1 HTTP/1.1" 200 6705
::1 - - [26/Feb/2023:14:54:43 +0100] "GET /wp-includes/js/dist/vendor/moment.min.js?ver=2.29.4 HTTP/1.1" 200 57929
::1 - - [26/Feb/2023:14:54:43 +0100] "GET /wp-includes/js/dist/deprecated.min.js?ver=6c963cb9494ba26b77eb HTTP/1.1" 200 812
::1 - - [26/Feb/2023:14:54:43 +0100] "GET /wp-admin/js/dashboard.min.js?ver=6.1.1 HTTP/1.1" 200 8797
::1 - - [26/Feb/2023:14:54:43 +0100] "GET /wp-includes/js/thickbox/thickbox.js?ver=3.1-20121105 HTTP/1.1" 200 13242
::1 - - [26/Feb/2023:14:54:43 +0100] "GET /wp-includes/js/dist/date.min.js?ver=ce7daf24092d87ff18be HTTP/1.1" 200 847374
::1 - - [26/Feb/2023:14:54:43 +0100] "GET /wp-admin/js/plugin-install.min.js?ver=6.1.1 HTTP/1.1" 200 2403
::1 - - [26/Feb/2023:14:54:43 +0100] "GET /wp-includes/js/wp-sanitize.min.js?ver=6.1.1 HTTP/1.1" 200 458
::1 - - [26/Feb/2023:14:54:43 +0100] "GET /wp-admin/js/updates.min.js?ver=6.1.1 HTTP/1.1" 200 41339
::1 - - [26/Feb/2023:14:54:43 +0100] "GET /wp-includes/js/shortcode.min.js?ver=6.1.1 HTTP/1.1" 200 2643
::1 - - [26/Feb/2023:14:54:43 +0100] "GET /wp-includes/js/heartbeat.min.js?ver=6.1.1 HTTP/1.1" 200 5932
::1 - - [26/Feb/2023:14:54:43 +0100] "GET /wp-includes/js/wp-auth-check.min.js?ver=6.1.1 HTTP/1.1" 200 1658
::1 - - [26/Feb/2023:14:54:43 +0100] "GET /wp-includes/js/wplink.min.js?ver=6.1.1 HTTP/1.1" 200 11254
::1 - - [26/Feb/2023:14:54:43 +0100] "GET /wp-includes/js/jquery/ui/menu.min.js?ver=1.13.2 HTTP/1.1" 200 10114
::1 - - [26/Feb/2023:14:54:43 +0100] "GET /wp-includes/js/jquery/ui/autocomplete.min.js?ver=1.13.2 HTTP/1.1" 200 8466
::1 - - [26/Feb/2023:14:54:43 +0100] "GET /wp-admin/js/svg-painter.js?ver=6.1.1 HTTP/1.1" 200 5522
::1 - - [26/Feb/2023:14:54:43 +0100] "GET /wp-admin/js/media-upload.min.js?ver=6.1.1 HTTP/1.1" 200 1152
::1 - - [26/Feb/2023:14:54:46 +0100] "GET /wp-includes/js/thickbox/loadingAnimation.gif HTTP/1.1" 200 15238
::1 - - [26/Feb/2023:14:54:46 +0100] "POST /wp-admin/admin-ajax.php HTTP/1.1" 200 92
::1 - - [26/Feb/2023:14:54:46 +0100] "GET /wp-admin/admin-ajax.php?action=dashboard-widgets&widget=dashboard_primary&pagenow=dashboard HTTP/1.1" 200 1233
::1 - - [26/Feb/2023:14:54:52 +0100] "POST /wp-admin/admin-ajax.php HTTP/1.1" 200 47
::1 - - [26/Feb/2023:14:54:53 +0100] "POST /wp-admin/admin-ajax.php HTTP/1.1" 200 47
::1 - - [26/Feb/2023:14:54:55 +0100] "POST /wp-admin/admin-ajax.php HTTP/1.1" 200 98
::1 - - [26/Feb/2023:14:55:22 +0100] "POST /wp-admin/admin-ajax.php HTTP/1.1" 200 16
::1 - - [26/Feb/2023:14:55:32 +0100] "POST /wp-admin/admin-ajax.php HTTP/1.1" 200 16
::1 - - [26/Feb/2023:14:55:38 +0100] "POST /wp-admin/admin-ajax.php HTTP/1.1" 200 98
::1 - - [26/Feb/2023:14:55:46 +0100] "POST /wp-admin/admin-ajax.php HTTP/1.1" 200 47
::1 - - [26/Feb/2023:14:56:07 +0100] "POST /wp-admin/admin-ajax.php HTTP/1.1" 200 98
::1 - - [26/Feb/2023:14:56:46 +0100] "POST /wp-admin/admin-ajax.php HTTP/1.1" 200 47
::1 - - [26/Feb/2023:14:56:53 +0100] "POST /wp-admin/admin-ajax.php HTTP/1.1" 200 47
::1 - - [26/Feb/2023:14:56:54 +0100] "POST /wp-admin/admin-ajax.php HTTP/1.1" 200 47
::1 - - [26/Feb/2023:14:56:56 +0100] "POST /wp-admin/admin-ajax.php HTTP/1.1" 200 98
::1 - - [26/Feb/2023:14:57:07 +0100] "POST /wp-admin/admin-ajax.php HTTP/1.1" 200 98
::1 - - [26/Feb/2023:14:57:39 +0100] "POST /wp-admin/admin-ajax.php HTTP/1.1" 200 98
::1 - - [26/Feb/2023:14:57:46 +0100] "POST /wp-admin/admin-ajax.php HTTP/1.1" 200 47
::1 - - [26/Feb/2023:14:58:07 +0100] "POST /wp-admin/admin-ajax.php HTTP/1.1" 200 98
::1 - - [26/Feb/2023:14:58:16 +0100] "POST /wp-admin/admin-ajax.php HTTP/1.1" 200 47
::1 - - [26/Feb/2023:14:58:27 +0100] "GET /wp-admin/options-general.php HTTP/1.1" 200 64204
::1 - - [26/Feb/2023:14:58:35 +0100] "POST /wp-admin/options.php HTTP/1.1" 302 -
::1 - - [26/Feb/2023:14:58:35 +0100] "GET /wp-admin/options-general.php?settings-updated=true HTTP/1.1" 200 64361
::1 - - [26/Feb/2023:14:58:46 +0100] "POST /wp-admin/admin-ajax.php HTTP/1.1" 200 47
::1 - - [26/Feb/2023:14:58:55 +0100] "POST /wp-admin/admin-ajax.php HTTP/1.1" 200 47
::1 - - [26/Feb/2023:14:58:57 +0100] "POST /wp-admin/admin-ajax.php HTTP/1.1" 200 98
::1 - - [26/Feb/2023:14:59:08 +0100] "POST /wp-admin/admin-ajax.php HTTP/1.1" 200 98
::1 - - [26/Feb/2023:14:59:24 +0100] "GET /wp-admin/ HTTP/1.1" 200 71717
::1 - - [26/Feb/2023:14:59:24 +0100] "POST /wp-admin/admin-ajax.php HTTP/1.1" 200 92
::1 - - [26/Feb/2023:14:59:36 +0100] "POST /wp-admin/admin-ajax.php HTTP/1.1" 200 47
::1 - - [26/Feb/2023:15:00:24 +0100] "POST /wp-admin/admin-ajax.php HTTP/1.1" 200 47
::1 - - [26/Feb/2023:15:00:36 +0100] "POST /wp-admin/admin-ajax.php HTTP/1.1" 200 47
::1 - - [26/Feb/2023:15:01:09 +0100] "POST /wp-admin/admin-ajax.php HTTP/1.1" 200 98
::1 - - [26/Feb/2023:15:01:24 +0100] "POST /wp-admin/admin-ajax.php HTTP/1.1" 200 47
::1 - - [26/Feb/2023:15:02:19 +0100] "GET /wp-includes/css/admin-bar.min.css?ver=6.1.1 HTTP/1.1" 200 20300
::1 - - [26/Feb/2023:15:02:19 +0100] "GET / HTTP/1.1" 200 52853
::1 - - [26/Feb/2023:15:02:36 +0100] "POST /wp-admin/admin-ajax.php HTTP/1.1" 200 47
::1 - - [26/Feb/2023:15:03:10 +0100] "POST /wp-admin/admin-ajax.php HTTP/1.1" 200 98
::1 - - [26/Feb/2023:15:04:37 +0100] "POST /wp-admin/admin-ajax.php HTTP/1.1" 200 47
::1 - - [26/Feb/2023:15:04:40 +0100] "POST /wp-admin/admin-ajax.php HTTP/1.1" 200 98
::1 - - [26/Feb/2023:15:05:40 +0100] "POST /wp-admin/admin-ajax.php HTTP/1.1" 200 98
::1 - - [26/Feb/2023:15:06:38 +0100] "POST /wp-admin/admin-ajax.php HTTP/1.1" 200 47
::1 - - [26/Feb/2023:15:07:41 +0100] "POST /wp-admin/admin-ajax.php HTTP/1.1" 200 98
::1 - - [26/Feb/2023:15:08:39 +0100] "POST /wp-admin/admin-ajax.php HTTP/1.1" 200 47
::1 - - [26/Feb/2023:15:09:42 +0100] "POST /wp-admin/admin-ajax.php HTTP/1.1" 200 98
::1 - - [26/Feb/2023:15:11:42 +0100] "POST /wp-admin/admin-ajax.php HTTP/1.1" 200 730
::1 - - [26/Feb/2023:15:11:44 +0100] "GET /wp-admin/post.php?post=2&action=edit HTTP/1.1" 500 3218
::1 - - [26/Feb/2023:15:11:44 +0100] "POST /wp-admin/admin-ajax.php HTTP/1.1" 200 730
::1 - - [26/Feb/2023:15:11:54 +0100] "GET /wp-admin/post.php?post=2&action=edit HTTP/1.1" 200 328761
::1 - - [26/Feb/2023:15:11:57 +0100] "GET /wp-json/wp/v2/blocks?context=edit&per_page=100&_locale=user HTTP/1.1" 200 2
::1 - - [26/Feb/2023:15:11:57 +0100] "GET /wp-json/wp/v2/block-patterns/categories?_locale=user HTTP/1.1" 200 287
::1 - - [26/Feb/2023:15:11:57 +0100] "GET /?_wp-find-template=true HTTP/1.1" 200 1499
::1 - - [26/Feb/2023:15:11:57 +0100] "GET /wp-json/wp/v2/block-patterns/patterns?_locale=user HTTP/1.1" 200 98112
::1 - - [26/Feb/2023:15:11:57 +0100] "GET /wp-json/?_fields=description%2Cgmt_offset%2Chome%2Cname%2Csite_icon%2Csite_icon_url%2Csite_logo%2Ctimezone_string%2Curl&_locale=user HTTP/1.1" 200 472
::1 - - [26/Feb/2023:15:11:57 +0100] "GET /wp-json/wp/v2/users?context=view&who=authors&per_page=50&_fields=id%2Cname&_locale=user HTTP/1.1" 200 25
::1 - - [26/Feb/2023:15:11:58 +0100] "GET /wp-json/wp/v2/taxonomies?context=edit&per_page=100&_locale=user HTTP/1.1" 200 5859
::1 - - [26/Feb/2023:15:11:58 +0100] "OPTIONS /wp-json/wp/v2/pages/2?_locale=user HTTP/1.1" 200 9459
::1 - - [26/Feb/2023:15:11:58 +0100] "GET /wp-json/wp/v2/templates/twentytwentythree//page?context=edit&_locale=user HTTP/1.1" 200 1929
::1 - - [26/Feb/2023:15:11:58 +0100] "GET /wp-json/wp/v2/themes?context=edit&status=active&_locale=user HTTP/1.1" 200 3194
127.0.0.1 - - [26/Feb/2023:15:12:33 +0100] "GET / HTTP/1.1" 500 2527
127.0.0.1 - - [26/Feb/2023:15:12:41 +0100] "GET / HTTP/1.1" 200 46775
::1 - - [26/Feb/2023:15:12:42 +0100] "GET / HTTP/1.1" 200 46775
::1 - - [26/Feb/2023:15:12:47 +0100] "POST /wp-admin/admin-ajax.php HTTP/1.1" 200 1
::1 - - [26/Feb/2023:15:12:47 +0100] "GET /wp-admin/post.php?post=2&action=edit HTTP/1.1" 200 326101
::1 - - [26/Feb/2023:15:12:50 +0100] "GET /wp-json/wp/v2/blocks?context=edit&per_page=100&_locale=user HTTP/1.1" 200 2
::1 - - [26/Feb/2023:15:12:50 +0100] "GET /wp-json/wp/v2/block-patterns/categories?_locale=user HTTP/1.1" 200 287
::1 - - [26/Feb/2023:15:12:50 +0100] "GET /wp-json/wp/v2/block-patterns/patterns?_locale=user HTTP/1.1" 200 98112
::1 - - [26/Feb/2023:15:12:50 +0100] "GET /wp-json/?_fields=description%2Cgmt_offset%2Chome%2Cname%2Csite_icon%2Csite_icon_url%2Csite_logo%2Ctimezone_string%2Curl&_locale=user HTTP/1.1" 200 472
::1 - - [26/Feb/2023:15:12:50 +0100] "GET /?_wp-find-template=true HTTP/1.1" 200 1499
::1 - - [26/Feb/2023:15:12:50 +0100] "GET /wp-json/wp/v2/users?context=view&who=authors&per_page=50&_fields=id%2Cname&_locale=user HTTP/1.1" 200 25
::1 - - [26/Feb/2023:15:12:51 +0100] "GET /wp-json/wp/v2/taxonomies?context=edit&per_page=100&_locale=user HTTP/1.1" 200 5859
::1 - - [26/Feb/2023:15:12:52 +0100] "OPTIONS /wp-json/wp/v2/pages/2?_locale=user HTTP/1.1" 200 9459
::1 - - [26/Feb/2023:15:12:52 +0100] "GET /wp-json/wp/v2/themes?context=edit&status=active&_locale=user HTTP/1.1" 200 3194
::1 - - [26/Feb/2023:15:12:52 +0100] "GET / HTTP/1.1" 200 52853
::1 - - [26/Feb/2023:15:12:53 +0100] "GET /wp-json/wp/v2/templates/twentytwentythree//page?context=edit&_locale=user HTTP/1.1" 200 1929
::1 - - [26/Feb/2023:15:12:57 +0100] "POST /wp-admin/admin-ajax.php HTTP/1.1" 200 47
::1 - - [26/Feb/2023:15:12:57 +0100] "POST /wp-admin/admin-ajax.php HTTP/1.1" 200 1
::1 - - [26/Feb/2023:15:12:59 +0100] "POST /wp-admin/admin-ajax.php HTTP/1.1" 200 47
::1 - - [26/Feb/2023:15:13:03 +0100] "POST /wp-admin/admin-ajax.php HTTP/1.1" 200 98
::1 - - [26/Feb/2023:15:13:29 +0100] "GET /wp-admin/ HTTP/1.1" 302 -
::1 - - [26/Feb/2023:15:13:29 +0100] "GET /wp-login.php?redirect_to=http%3A%2F%2Flocalhost%3A81%2Fwp-admin%2F&reauth=1 HTTP/1.1" 200 5061
::1 - - [26/Feb/2023:15:13:44 +0100] "POST /wp-login.php HTTP/1.1" 302 -
::1 - - [26/Feb/2023:15:13:44 +0100] "GET /wp-admin/ HTTP/1.1" 200 71717
::1 - - [26/Feb/2023:15:13:45 +0100] "POST /wp-admin/admin-ajax.php HTTP/1.1" 200 92
::1 - - [26/Feb/2023:15:14:04 +0100] "POST /wp-admin/admin-ajax.php HTTP/1.1" 200 98
127.0.0.1 - - [26/Feb/2023:15:14:01 +0100] "GET / HTTP/1.1" 200 46775
::1 - - [26/Feb/2023:15:14:06 +0100] "GET / HTTP/1.1" 200 52853
::1 - - [26/Feb/2023:15:14:18 +0100] "GET /wp-admin/ HTTP/1.1" 200 71717
::1 - - [26/Feb/2023:15:14:19 +0100] "POST /wp-admin/admin-ajax.php HTTP/1.1" 200 92
::1 - - [26/Feb/2023:15:14:24 +0100] "POST /wp-admin/admin-ajax.php HTTP/1.1" 200 98
::1 - - [26/Feb/2023:15:14:39 +0100] "POST /wp-admin/admin-ajax.php HTTP/1.1" 200 1
::1 - - [26/Feb/2023:15:14:39 +0100] "GET /wp-admin/ HTTP/1.1" 200 71717
::1 - - [26/Feb/2023:15:14:40 +0100] "GET /wp-admin/load-styles.php?c=1&dir=ltr&load%5Bchunk_0%5D=dashicons,admin-bar,site-health,common,forms,admin-menu,dashboard,list-tables,edit,revisions,media,themes,about,nav-menus,wp-poi&load%5Bchunk_1%5D=nter,widgets,site-icon,l10n,buttons,wp-auth-check&ver=6.1.1 HTTP/1.1" 200 394281
::1 - - [26/Feb/2023:15:14:41 +0100] "POST /wp-admin/admin-ajax.php HTTP/1.1" 200 92
::1 - - [26/Feb/2023:15:15:19 +0100] "POST /wp-admin/admin-ajax.php HTTP/1.1" 200 47
::1 - - [26/Feb/2023:15:15:24 +0100] "POST /wp-admin/admin-ajax.php HTTP/1.1" 200 98
::1 - - [26/Feb/2023:15:15:41 +0100] "POST /wp-admin/admin-ajax.php HTTP/1.1" 200 47
127.0.0.1 - - [26/Feb/2023:15:17:33 +0100] "GET / HTTP/1.1" 200 46775
::1 - - [26/Feb/2023:15:17:34 +0100] "GET / HTTP/1.1" 200 52853
::1 - - [26/Feb/2023:15:17:41 +0100] "POST /wp-admin/admin-ajax.php HTTP/1.1" 200 47
127.0.0.1 - - [26/Feb/2023:15:18:14 +0100] "GET /wp-admin HTTP/1.1" 301 237
127.0.0.1 - - [26/Feb/2023:15:18:14 +0100] "GET /wp-admin/ HTTP/1.1" 302 -
127.0.0.1 - - [26/Feb/2023:15:18:14 +0100] "GET /wp-login.php?redirect_to=http%3A%2F%2Flocalhost%3A81%2Fwp-admin%2F&reauth=1 HTTP/1.1" 200 5061
::1 - - [26/Feb/2023:15:18:15 +0100] "GET /wp-admin/ HTTP/1.1" 200 71717
::1 - - [26/Feb/2023:15:18:16 +0100] "POST /wp-admin/admin-ajax.php HTTP/1.1" 200 92
127.0.0.1 - - [26/Feb/2023:15:20:16 +0100] "GET /wp-admin HTTP/1.1" 301 237
127.0.0.1 - - [26/Feb/2023:15:20:16 +0100] "GET /wp-admin/ HTTP/1.1" 302 -
127.0.0.1 - - [26/Feb/2023:15:20:16 +0100] "GET /wp-login.php?redirect_to=http%3A%2F%2Flocalhost%3A81%2Fwp-admin%2F&reauth=1 HTTP/1.1" 200 5061
::1 - - [26/Feb/2023:15:20:17 +0100] "GET /wp-admin/ HTTP/1.1" 200 71717
::1 - - [26/Feb/2023:15:20:18 +0100] "POST /wp-admin/admin-ajax.php HTTP/1.1" 200 92
127.0.0.1 - - [26/Feb/2023:18:04:16 +0100] "GET /wp-admin HTTP/1.1" 301 237
127.0.0.1 - - [26/Feb/2023:18:04:16 +0100] "GET /wp-admin/ HTTP/1.1" 500 3218
127.0.0.1 - - [26/Feb/2023:18:04:27 +0100] "GET /wp-admin HTTP/1.1" 301 237
127.0.0.1 - - [26/Feb/2023:18:04:27 +0100] "GET /wp-admin/ HTTP/1.1" 500 3218
127.0.0.1 - - [26/Feb/2023:18:04:35 +0100] "GET /wp-admin HTTP/1.1" 301 237
127.0.0.1 - - [26/Feb/2023:18:04:35 +0100] "GET /wp-admin/ HTTP/1.1" 302 -
127.0.0.1 - - [26/Feb/2023:18:04:41 +0100] "GET /wp-login.php?redirect_to=http%3A%2F%2Flocalhost%3A81%2Fwp-admin%2F&reauth=1 HTTP/1.1" 200 5061
::1 - - [26/Feb/2023:18:04:41 +0100] "POST /wp-cron.php?doing_wp_cron=1677431081.1389880180358886718750 HTTP/1.1" 200 -
::1 - - [26/Feb/2023:18:04:42 +0100] "GET /wp-admin/ HTTP/1.1" 200 69434
::1 - - [26/Feb/2023:18:05:04 +0100] "POST /wp-admin/admin-ajax.php HTTP/1.1" 200 92
::1 - - [26/Feb/2023:18:06:04 +0100] "POST /wp-admin/admin-ajax.php HTTP/1.1" 200 47
::1 - - [26/Feb/2023:18:07:04 +0100] "POST /wp-admin/admin-ajax.php HTTP/1.1" 200 47
::1 - - [26/Feb/2023:18:08:04 +0100] "POST /wp-admin/admin-ajax.php HTTP/1.1" 200 47
127.0.0.1 - - [26/Feb/2023:18:08:47 +0100] "GET /info.php HTTP/1.1" 200 87633
::1 - - [26/Feb/2023:18:08:48 +0100] "GET /info.php HTTP/1.1" 200 91689
127.0.0.1 - - [26/Feb/2023:18:27:10 +0100] "GET /info.php HTTP/1.1" 200 87799
::1 - - [26/Feb/2023:18:27:10 +0100] "GET /info.php HTTP/1.1" 200 91855
127.0.0.1 - - [26/Feb/2023:18:34:19 +0100] "GET /info.php HTTP/1.1" 200 76674
::1 - - [26/Feb/2023:18:34:19 +0100] "GET /info.php HTTP/1.1" 200 80729
127.0.0.1 - - [26/Feb/2023:18:40:19 +0100] "GET /info.php HTTP/1.1" 200 77543
::1 - - [26/Feb/2023:18:40:19 +0100] "GET /info.php HTTP/1.1" 200 81599
127.0.0.1 - - [27/Feb/2023:13:25:59 +0100] "GET /info.php HTTP/1.1" 200 89794
::1 - - [27/Feb/2023:13:25:59 +0100] "GET /info.php HTTP/1.1" 200 93850
::1 - - [27/Feb/2023:13:26:07 +0100] "GET /wp-includes/blocks/navigation/style.min.css?ver=6.1.1 HTTP/1.1" 200 15342
::1 - - [27/Feb/2023:13:26:05 +0100] "GET / HTTP/1.1" 200 46775
::1 - - [27/Feb/2023:13:26:09 +0100] "GET /wp-includes/js/wp-emoji-release.min.js?ver=6.1.1 HTTP/1.1" 200 18617
::1 - - [27/Feb/2023:13:26:09 +0100] "GET /wp-includes/blocks/navigation/view-modal.min.js?ver=45f05135277abf0b0408 HTTP/1.1" 200 7779
::1 - - [27/Feb/2023:13:26:09 +0100] "GET /wp-includes/blocks/navigation/view.min.js?ver=c24330f635f5cb9d5e0e HTTP/1.1" 200 1144
::1 - - [27/Feb/2023:13:26:09 +0100] "\x16\x03\x01\x02" 400 226
::1 - - [27/Feb/2023:13:26:09 +0100] "\x16\x03\x01\x02" 400 226
::1 - - [27/Feb/2023:13:26:09 +0100] "GET /favicon.ico HTTP/1.1" 302 -
::1 - - [27/Feb/2023:13:26:09 +0100] "GET /wp-includes/images/w-logo-blue-white-bg.png HTTP/1.1" 200 4119
::1 - - [27/Feb/2023:13:26:06 +0100] "POST /wp-cron.php?doing_wp_cron=1677500766.6748969554901123046875 HTTP/1.1" 200 -
::1 - - [27/Feb/2023:13:26:23 +0100] "GET /info.php HTTP/1.1" 200 93854
127.0.0.1 - - [28/Feb/2023:01:32:57 +0100] "GET /info.php HTTP/1.1" 200 89795
::1 - - [28/Feb/2023:01:32:57 +0100] "GET /info.php HTTP/1.1" 200 93850
::1 - - [08/Mar/2023:01:18:05 +0100] "GET / HTTP/1.1" 200 91037
::1 - - [08/Mar/2023:01:18:06 +0100] "GET /favicon.ico HTTP/1.1" 404 196
::1 - - [08/Mar/2023:01:22:25 +0100] "GET / HTTP/1.1" 200 93938
::1 - - [08/Mar/2023:01:23:02 +0100] "GET / HTTP/1.1" 200 93938
::1 - - [09/Mar/2023:06:35:20 +0100] "GET / HTTP/1.1" 200 263
::1 - - [09/Mar/2023:06:35:20 +0100] "GET /favicon.ico HTTP/1.1" 404 196
::1 - - [09/Mar/2023:07:51:07 +0100] "GET / HTTP/1.1" 200 85995
::1 - - [09/Mar/2023:08:07:45 +0100] "GET / HTTP/1.1" 200 85840
::1 - - [09/Mar/2023:08:07:47 +0100] "GET / HTTP/1.1" 200 85840
::1 - - [09/Mar/2023:08:08:40 +0100] "GET / HTTP/1.1" 200 85840
::1 - - [09/Mar/2023:08:08:53 +0100] "GET / HTTP/1.1" 200 85840
::1 - - [09/Mar/2023:08:09:48 +0100] "GET / HTTP/1.1" 200 85840
::1 - - [09/Mar/2023:08:13:03 +0100] "GET / HTTP/1.1" 200 85840
::1 - - [09/Mar/2023:08:47:19 +0100] "GET / HTTP/1.1" 200 85669
::1 - - [13/Mar/2023:04:44:02 +0100] "GET / HTTP/1.1" 200 73333
::1 - - [13/Mar/2023:04:44:03 +0100] "GET /favicon.ico HTTP/1.1" 404 196
::1 - - [16/Mar/2023:23:52:51 +0100] "GET / HTTP/1.1" 200 3584
::1 - - [16/Mar/2023:23:52:52 +0100] "GET /assets/css/main.css HTTP/1.1" 200 2740
::1 - - [16/Mar/2023:23:52:52 +0100] "GET /assets/images/logo.png HTTP/1.1" 200 14265
::1 - - [16/Mar/2023:23:52:52 +0100] "GET /assets/images/favicon.ico HTTP/1.1" 200 15406
::1 - - [17/Mar/2023:00:02:29 +0100] "GET /test.php HTTP/1.1" 200 2616
::1 - - [17/Mar/2023:00:02:29 +0100] "GET /favicon.ico HTTP/1.1" 404 196
::1 - - [17/Mar/2023:00:04:02 +0100] "GET /test.php HTTP/1.1" 200 2577
::1 - - [17/Mar/2023:00:06:09 +0100] "GET /test.php HTTP/1.1" 200 2577
::1 - - [17/Mar/2023:00:07:43 +0100] "GET /test.php HTTP/1.1" 200 2577
::1 - - [17/Mar/2023:00:09:15 +0100] "GET /test.php HTTP/1.1" 200 2577
::1 - - [17/Mar/2023:00:10:25 +0100] "GET / HTTP/1.1" 200 3584
::1 - - [17/Mar/2023:00:10:29 +0100] "GET /test.php HTTP/1.1" 500 7
::1 - - [17/Mar/2023:00:10:41 +0100] "GET /test.php HTTP/1.1" 200 19
::1 - - [17/Mar/2023:00:10:57 +0100] "GET /test.php HTTP/1.1" 200 31
::1 - - [17/Mar/2023:00:12:22 +0100] "GET /test.php HTTP/1.1" 200 31
::1 - - [17/Mar/2023:00:15:57 +0100] "GET /test.php HTTP/1.1" 200 23
::1 - - [17/Mar/2023:00:16:53 +0100] "GET /test.php HTTP/1.1" 200 2593
::1 - - [17/Mar/2023:00:18:11 +0100] "GET /test.php HTTP/1.1" 200 6577
::1 - - [17/Mar/2023:00:28:47 +0100] "GET /test.php HTTP/1.1" 200 6664
::1 - - [17/Mar/2023:00:33:02 +0100] "GET /test.php HTTP/1.1" 200 7042
::1 - - [17/Mar/2023:00:33:46 +0100] "GET /env.php HTTP/1.1" 200 6944
::1 - - [17/Mar/2023:02:18:34 +0100] "GET / HTTP/1.1" 200 3584
::1 - - [17/Mar/2023:02:18:34 +0100] "GET /assets/images/favicon.ico HTTP/1.1" 200 15406
::1 - - [17/Mar/2023:02:19:07 +0100] "GET /info.php HTTP/1.1" 200 73031
::1 - - [17/Mar/2023:02:20:38 +0100] "GET /info.php HTTP/1.1" 200 73267
::1 - - [17/Mar/2023:02:23:48 +0100] "GET /loaded.php HTTP/1.1" 200 850
::1 - - [17/Mar/2023:02:24:01 +0100] "GET /loaded.php HTTP/1.1" 200 855
::1 - - [17/Mar/2023:02:25:11 +0100] "GET /loaded.php HTTP/1.1" 200 855
::1 - - [17/Mar/2023:02:30:39 +0100] "GET /loaded.php HTTP/1.1" 200 855
::1 - - [17/Mar/2023:02:30:40 +0100] "GET /loaded.php HTTP/1.1" 200 855
::1 - - [17/Mar/2023:02:39:27 +0100] "GET /loaded.php HTTP/1.1" 200 855
::1 - - [17/Mar/2023:02:39:37 +0100] "GET /loaded.php HTTP/1.1" 200 855
::1 - - [17/Mar/2023:02:47:09 +0100] "GET /loaded.php HTTP/1.1" 200 967
::1 - - [17/Mar/2023:03:05:34 +0100] "GET /loaded.php HTTP/1.1" 200 1348
::1 - - [17/Mar/2023:03:05:36 +0100] "GET /loaded.php HTTP/1.1" 200 1348
::1 - - [17/Mar/2023:03:20:26 +0100] "GET /loaded.php HTTP/1.1" 200 1348
::1 - - [17/Mar/2023:03:20:31 +0100] "GET / HTTP/1.1" 200 3584
::1 - - [17/Mar/2023:03:54:44 +0100] "GET /info.php HTTP/1.1" 200 85230
::1 - - [17/Mar/2023:03:58:19 +0100] "GET /info.php HTTP/1.1" 200 86484
::1 - - [17/Mar/2023:03:58:40 +0100] "GET /loaded.php HTTP/1.1" 200 990
::1 - - [17/Mar/2023:04:18:48 +0100] "GET /info.php HTTP/1.1" 200 85371
::1 - - [17/Mar/2023:04:18:54 +0100] "GET /loaded.php HTTP/1.1" 200 1348
::1 - - [17/Mar/2023:04:19:40 +0100] "GET /loaded.php HTTP/1.1" 200 1260
::1 - - [17/Mar/2023:04:19:43 +0100] "GET /info.php HTTP/1.1" 200 82591
::1 - - [17/Mar/2023:04:20:47 +0100] "GET /loaded.php HTTP/1.1" 200 1260
::1 - - [17/Mar/2023:04:20:49 +0100] "GET /loaded.php HTTP/1.1" 200 1260
::1 - - [17/Mar/2023:04:20:59 +0100] "GET /loaded.php HTTP/1.1" 200 1260
::1 - - [17/Mar/2023:04:21:03 +0100] "GET /info.php HTTP/1.1" 200 82592
::1 - - [17/Mar/2023:04:23:32 +0100] "GET /info.php HTTP/1.1" 200 82338
::1 - - [17/Mar/2023:04:23:37 +0100] "GET /loaded.php HTTP/1.1" 200 1260
::1 - - [17/Mar/2023:04:23:38 +0100] "GET /loaded.php HTTP/1.1" 200 1260
::1 - - [17/Mar/2023:04:25:57 +0100] "GET /info.php HTTP/1.1" 200 82124
::1 - - [17/Mar/2023:04:26:00 +0100] "GET /loaded.php HTTP/1.1" 200 1260
::1 - - [17/Mar/2023:04:26:49 +0100] "GET /info.php HTTP/1.1" 200 82122
::1 - - [17/Mar/2023:04:31:10 +0100] "GET /info.php HTTP/1.1" 200 83663
::1 - - [17/Mar/2023:04:31:58 +0100] "GET /info.php HTTP/1.1" 200 84781
::1 - - [17/Mar/2023:04:32:38 +0100] "GET /info.php HTTP/1.1" 200 83644
::1 - - [18/Mar/2023:08:30:27 +0100] "GET /laravel8/public/ HTTP/1.1" 404 196
::1 - - [18/Mar/2023:08:31:08 +0100] "GET / HTTP/1.1" 200 3584
::1 - - [18/Mar/2023:08:31:08 +0100] "GET /assets/css/main.css HTTP/1.1" 200 2740
::1 - - [18/Mar/2023:08:31:08 +0100] "GET /assets/images/logo.png HTTP/1.1" 200 14265
::1 - - [18/Mar/2023:08:33:10 +0100] "GET / HTTP/1.1" 200 3584
::1 - - [18/Mar/2023:08:34:27 +0100] "GET / HTTP/1.1" 200 3584
::1 - - [18/Mar/2023:08:35:08 +0100] "GET / HTTP/1.1" 200 3584
::1 - - [18/Mar/2023:08:37:14 +0100] "GET / HTTP/1.1" 200 3584
::1 - - [18/Mar/2023:08:38:07 +0100] "GET / HTTP/1.1" 200 3584
::1 - - [18/Mar/2023:08:38:54 +0100] "GET / HTTP/1.1" 200 3584
::1 - - [18/Mar/2023:08:41:53 +0100] "GET / HTTP/1.1" 200 3584
::1 - - [18/Mar/2023:08:43:19 +0100] "GET / HTTP/1.1" 200 3584
::1 - - [18/Mar/2023:08:51:37 +0100] "GET / HTTP/1.1" 200 3584
::1 - - [18/Mar/2023:08:55:43 +0100] "GET / HTTP/1.1" 200 3584
::1 - - [18/Mar/2023:08:56:12 +0100] "GET / HTTP/1.1" 200 3584
::1 - - [18/Mar/2023:09:08:44 +0100] "GET / HTTP/1.1" 200 3584
::1 - - [18/Mar/2023:09:11:31 +0100] "GET / HTTP/1.1" 200 3584
::1 - - [18/Mar/2023:09:12:35 +0100] "GET / HTTP/1.1" 200 3584
::1 - - [18/Mar/2023:09:15:49 +0100] "GET / HTTP/1.1" 200 3584
::1 - - [18/Mar/2023:09:17:19 +0100] "GET / HTTP/1.1" 200 3584
::1 - - [18/Mar/2023:09:19:12 +0100] "GET / HTTP/1.1" 200 3584
::1 - - [18/Mar/2023:09:20:06 +0100] "GET / HTTP/1.1" 200 3584
::1 - - [18/Mar/2023:09:20:43 +0100] "GET / HTTP/1.1" 200 3584
::1 - - [18/Mar/2023:09:21:26 +0100] "GET / HTTP/1.1" 200 3584
::1 - - [18/Mar/2023:09:22:52 +0100] "GET / HTTP/1.1" 200 3584
::1 - - [18/Mar/2023:09:23:37 +0100] "GET / HTTP/1.1" 200 3584
::1 - - [18/Mar/2023:10:50:22 +0100] "GET / HTTP/1.1" 200 3584
::1 - - [18/Mar/2023:11:04:25 +0100] "GET / HTTP/1.1" 200 3584
::1 - - [18/Mar/2023:11:32:37 +0100] "GET / HTTP/1.1" 200 3584
::1 - - [18/Mar/2023:11:46:05 +0100] "GET / HTTP/1.1" 200 3584
::1 - - [18/Mar/2023:11:47:04 +0100] "GET / HTTP/1.1" 200 3584
::1 - - [18/Mar/2023:11:49:07 +0100] "GET / HTTP/1.1" 200 3584
::1 - - [18/Mar/2023:11:50:37 +0100] "GET / HTTP/1.1" 200 3584
::1 - - [18/Mar/2023:11:51:02 +0100] "GET / HTTP/1.1" 200 3584
::1 - - [18/Mar/2023:11:51:58 +0100] "GET / HTTP/1.1" 200 3584
::1 - - [18/Mar/2023:12:27:06 +0100] "GET / HTTP/1.1" 200 3584
::1 - - [18/Mar/2023:12:27:16 +0100] "GET /info.php HTTP/1.1" 200 91788
::1 - - [18/Mar/2023:12:39:35 +0100] "GET / HTTP/1.1" 200 3584
::1 - - [18/Mar/2023:12:45:37 +0100] "GET / HTTP/1.1" 200 3584
::1 - - [18/Mar/2023:12:46:08 +0100] "GET / HTTP/1.1" 200 3584
::1 - - [18/Mar/2023:12:46:08 +0100] "GET /info.php HTTP/1.1" 200 92681
127.0.0.1 - - [18/Mar/2023:12:47:08 +0100] "-" 408 -
::1 - - [18/Mar/2023:12:49:15 +0100] "GET / HTTP/1.1" 200 3584
::1 - - [18/Mar/2023:12:50:13 +0100] "GET / HTTP/1.1" 200 3584
::1 - - [18/Mar/2023:12:50:54 +0100] "GET / HTTP/1.1" 200 3584
::1 - - [18/Mar/2023:13:35:29 +0100] "GET / HTTP/1.1" 200 3584
